[0.298s] DEBUG:colcon:Command line arguments: ['/usr/bin/colcon', 'build']
[0.298s] DEBUG:colcon:Parsed command line arguments: Namespace(log_base=None, log_level=None, verb_name='build', build_base='build', install_base='install', merge_install=False, symlink_install=False, test_result_base=None, continue_on_error=False, executor='parallel', parallel_workers=6, event_handlers=None, ignore_user_meta=False, metas=['./colcon.meta'], base_paths=['.'], packages_ignore=None, packages_ignore_regex=None, paths=None, packages_up_to=None, packages_up_to_regex=None, packages_above=None, packages_above_and_dependencies=None, packages_above_depth=None, packages_select_by_dep=None, packages_skip_by_dep=None, packages_skip_up_to=None, packages_select_build_failed=False, packages_skip_build_finished=False, packages_select_test_failures=False, packages_skip_test_passed=False, packages_select=None, packages_skip=None, packages_select_regex=None, packages_skip_regex=None, packages_start=None, packages_end=None, allow_overriding=[], cmake_args=None, cmake_target=None, cmake_target_skip_unavailable=False, cmake_clean_cache=False, cmake_clean_first=False, cmake_force_configure=False, ament_cmake_args=None, catkin_cmake_args=None, catkin_skip_building_tests=False, mixin_files=None, mixin=None, verb_parser=<colcon_mixin.mixin.mixin_argument.MixinArgumentDecorator object at 0xffffb69d33d0>, verb_extension=<colcon_core.verb.build.BuildVerb object at 0xffffb69d2d10>, main=<bound method BuildVerb.main of <colcon_core.verb.build.BuildVerb object at 0xffffb69d2d10>>, mixin_verb=('build',))
[0.760s] Level 1:colcon.colcon_core.package_discovery:discover_packages(colcon_meta) check parameters
[0.760s] Level 1:colcon.colcon_core.package_discovery:discover_packages(recursive) check parameters
[0.760s] Level 1:colcon.colcon_core.package_discovery:discover_packages(ignore) check parameters
[0.761s] Level 1:colcon.colcon_core.package_discovery:discover_packages(path) check parameters
[0.761s] Level 1:colcon.colcon_core.package_discovery:discover_packages(colcon_meta) discover
[0.761s] Level 1:colcon.colcon_core.package_discovery:discover_packages(recursive) discover
[0.761s] INFO:colcon.colcon_core.package_discovery:Crawling recursively for packages in '/home/openmutt/openarm_ws'
[0.761s] Level 1:colcon.colcon_core.package_identification:_identify(.) by extensions ['ignore', 'ignore_ament_install']
[0.762s] Level 1:colcon.colcon_core.package_identification:_identify(.) by extension 'ignore'
[0.762s] Level 1:colcon.colcon_core.package_identification:_identify(.) by extension 'ignore_ament_install'
[0.762s] Level 1:colcon.colcon_core.package_identification:_identify(.) by extensions ['colcon_pkg']
[0.762s] Level 1:colcon.colcon_core.package_identification:_identify(.) by extension 'colcon_pkg'
[0.762s] Level 1:colcon.colcon_core.package_identification:_identify(.) by extensions ['colcon_meta']
[0.762s] Level 1:colcon.colcon_core.package_identification:_identify(.) by extension 'colcon_meta'
[0.762s] Level 1:colcon.colcon_core.package_identification:_identify(.) by extensions ['ros']
[0.762s] Level 1:colcon.colcon_core.package_identification:_identify(.) by extension 'ros'
[0.794s] Level 1:colcon.colcon_core.package_identification:_identify(.) by extensions ['cmake', 'python']
[0.794s] Level 1:colcon.colcon_core.package_identification:_identify(.) by extension 'cmake'
[0.794s] Level 1:colcon.colcon_core.package_identification:_identify(.) by extension 'python'
[0.794s] Level 1:colcon.colcon_core.package_identification:_identify(.) by extensions ['python_setup_py']
[0.794s] Level 1:colcon.colcon_core.package_identification:_identify(.) by extension 'python_setup_py'
[0.795s] Level 1:colcon.colcon_core.package_identification:_identify(build) by extensions ['ignore', 'ignore_ament_install']
[0.795s] Level 1:colcon.colcon_core.package_identification:_identify(build) by extension 'ignore'
[0.795s] Level 1:colcon.colcon_core.package_identification:_identify(build) ignored
[0.796s] Level 1:colcon.colcon_core.package_identification:_identify(install) by extensions ['ignore', 'ignore_ament_install']
[0.796s] Level 1:colcon.colcon_core.package_identification:_identify(install) by extension 'ignore'
[0.796s] Level 1:colcon.colcon_core.package_identification:_identify(install) ignored
[0.796s] Level 1:colcon.colcon_core.package_identification:_identify(log) by extensions ['ignore', 'ignore_ament_install']
[0.797s] Level 1:colcon.colcon_core.package_identification:_identify(log) by extension 'ignore'
[0.797s] Level 1:colcon.colcon_core.package_identification:_identify(log) ignored
[0.797s] Level 1:colcon.colcon_core.package_identification:_identify(src) by extensions ['ignore', 'ignore_ament_install']
[0.797s] Level 1:colcon.colcon_core.package_identification:_identify(src) by extension 'ignore'
[0.797s] Level 1:colcon.colcon_core.package_identification:_identify(src) by extension 'ignore_ament_install'
[0.797s] Level 1:colcon.colcon_core.package_identification:_identify(src) by extensions ['colcon_pkg']
[0.798s] Level 1:colcon.colcon_core.package_identification:_identify(src) by extension 'colcon_pkg'
[0.798s] Level 1:colcon.colcon_core.package_identification:_identify(src) by extensions ['colcon_meta']
[0.798s] Level 1:colcon.colcon_core.package_identification:_identify(src) by extension 'colcon_meta'
[0.798s] Level 1:colcon.colcon_core.package_identification:_identify(src) by extensions ['ros']
[0.798s] Level 1:colcon.colcon_core.package_identification:_identify(src) by extension 'ros'
[0.798s] Level 1:colcon.colcon_core.package_identification:_identify(src) by extensions ['cmake', 'python']
[0.798s] Level 1:colcon.colcon_core.package_identification:_identify(src) by extension 'cmake'
[0.798s] Level 1:colcon.colcon_core.package_identification:_identify(src) by extension 'python'
[0.798s] Level 1:colcon.colcon_core.package_identification:_identify(src) by extensions ['python_setup_py']
[0.798s] Level 1:colcon.colcon_core.package_identification:_identify(src) by extension 'python_setup_py'
[0.799s] Level 1:colcon.colcon_core.package_identification:_identify(src/arm_description) by extensions ['ignore', 'ignore_ament_install']
[0.799s] Level 1:colcon.colcon_core.package_identification:_identify(src/arm_description) by extension 'ignore'
[0.799s] Level 1:colcon.colcon_core.package_identification:_identify(src/arm_description) by extension 'ignore_ament_install'
[0.799s] Level 1:colcon.colcon_core.package_identification:_identify(src/arm_description) by extensions ['colcon_pkg']
[0.799s] Level 1:colcon.colcon_core.package_identification:_identify(src/arm_description) by extension 'colcon_pkg'
[0.799s] Level 1:colcon.colcon_core.package_identification:_identify(src/arm_description) by extensions ['colcon_meta']
[0.800s] Level 1:colcon.colcon_core.package_identification:_identify(src/arm_description) by extension 'colcon_meta'
[0.800s] Level 1:colcon.colcon_core.package_identification:_identify(src/arm_description) by extensions ['ros']
[0.800s] Level 1:colcon.colcon_core.package_identification:_identify(src/arm_description) by extension 'ros'
[0.851s] DEBUG:colcon.colcon_core.package_identification:Package 'src/arm_description' with type 'ros.ament_cmake' and name 'arm_description'
[0.851s] Level 1:colcon.colcon_core.package_discovery:discover_packages(recursive) using defaults
[0.852s] Level 1:colcon.colcon_core.package_discovery:discover_packages(ignore) discover
[0.852s] Level 1:colcon.colcon_core.package_discovery:discover_packages(ignore) using defaults
[0.852s] Level 1:colcon.colcon_core.package_discovery:discover_packages(path) discover
[0.852s] Level 1:colcon.colcon_core.package_discovery:discover_packages(path) using defaults
[0.908s] Level 1:colcon.colcon_core.package_discovery:discover_packages(prefix_path) check parameters
[0.909s] Level 1:colcon.colcon_core.package_discovery:discover_packages(prefix_path) discover
[0.919s] DEBUG:colcon.colcon_installed_package_information.package_discovery:Found 13 installed packages in /home/openmutt/openmutt_ws/install
[0.920s] DEBUG:colcon.colcon_installed_package_information.package_discovery:Found 1 installed packages in /home/openmutt/openmutt_ws/install/champ_gazebo
[0.924s] DEBUG:colcon.colcon_installed_package_information.package_discovery:Found 37 installed packages in /home/openmutt/ros2_control_ws/install
[0.927s] DEBUG:colcon.colcon_installed_package_information.package_discovery:Found 330 installed packages in /opt/ros/humble
[0.934s] Level 1:colcon.colcon_core.package_discovery:discover_packages(prefix_path) using defaults
[1.047s] Level 5:colcon.colcon_core.verb:set package 'arm_description' build argument 'cmake_args' from command line to 'None'
[1.048s] Level 5:colcon.colcon_core.verb:set package 'arm_description' build argument 'cmake_target' from command line to 'None'
[1.048s] Level 5:colcon.colcon_core.verb:set package 'arm_description' build argument 'cmake_target_skip_unavailable' from command line to 'False'
[1.048s] Level 5:colcon.colcon_core.verb:set package 'arm_description' build argument 'cmake_clean_cache' from command line to 'False'
[1.048s] Level 5:colcon.colcon_core.verb:set package 'arm_description' build argument 'cmake_clean_first' from command line to 'False'
[1.048s] Level 5:colcon.colcon_core.verb:set package 'arm_description' build argument 'cmake_force_configure' from command line to 'False'
[1.048s] Level 5:colcon.colcon_core.verb:set package 'arm_description' build argument 'ament_cmake_args' from command line to 'None'
[1.048s] Level 5:colcon.colcon_core.verb:set package 'arm_description' build argument 'catkin_cmake_args' from command line to 'None'
[1.048s] Level 5:colcon.colcon_core.verb:set package 'arm_description' build argument 'catkin_skip_building_tests' from command line to 'False'
[1.048s] DEBUG:colcon.colcon_core.verb:Building package 'arm_description' with the following arguments: {'ament_cmake_args': None, 'build_base': '/home/openmutt/openarm_ws/build/arm_description', 'catkin_cmake_args': None, 'catkin_skip_building_tests': False, 'cmake_args': None, 'cmake_clean_cache': False, 'cmake_clean_first': False, 'cmake_force_configure': False, 'cmake_target': None, 'cmake_target_skip_unavailable': False, 'install_base': '/home/openmutt/openarm_ws/install/arm_description', 'merge_install': False, 'path': '/home/openmutt/openarm_ws/src/arm_description', 'symlink_install': False, 'test_result_base': None}
[1.049s] INFO:colcon.colcon_core.executor:Executing jobs using 'parallel' executor
[1.055s] DEBUG:colcon.colcon_parallel_executor.executor.parallel:run_until_complete
[1.056s] INFO:colcon.colcon_ros.task.ament_cmake.build:Building ROS package in '/home/openmutt/openarm_ws/src/arm_description' with build type 'ament_cmake'
[1.057s] INFO:colcon.colcon_cmake.task.cmake.build:Building CMake package in '/home/openmutt/openarm_ws/src/arm_description'
[1.064s] INFO:colcon.colcon_core.plugin_system:Skipping extension 'colcon_core.shell.bat': Not used on non-Windows systems
[1.065s] INFO:colcon.colcon_core.shell:Skip shell extension 'powershell' for command environment: Not usable outside of PowerShell
[1.065s] DEBUG:colcon.colcon_core.shell:Skip shell extension 'dsv' for command environment
[1.135s] DEBUG:colcon.colcon_core.event_handler.log_command:Invoking command in '/home/openmutt/openarm_ws/build/arm_description': CMAKE_PREFIX_PATH=${CMAKE_PREFIX_PATH}:/home/openmutt/openmutt_ws/install/opencv_tests:/home/openmutt/ros2_control_ws/install/rqt_joint_trajectory_controller:/home/openmutt/ros2_control_ws/install/rqt_controller_manager:/home/openmutt/ros2_control_ws/install/ros2controlcli:/home/openmutt/ros2_control_ws/install/ros2_controllers_test_nodes:/opt/ros/humble /usr/bin/cmake /home/openmutt/openarm_ws/src/arm_description -DCMAKE_INSTALL_PREFIX=/home/openmutt/openarm_ws/install/arm_description
[4.029s] DEBUG:colcon.colcon_core.event_handler.log_command:Invoked command in '/home/openmutt/openarm_ws/build/arm_description' returned '0': CMAKE_PREFIX_PATH=${CMAKE_PREFIX_PATH}:/home/openmutt/openmutt_ws/install/opencv_tests:/home/openmutt/ros2_control_ws/install/rqt_joint_trajectory_controller:/home/openmutt/ros2_control_ws/install/rqt_controller_manager:/home/openmutt/ros2_control_ws/install/ros2controlcli:/home/openmutt/ros2_control_ws/install/ros2_controllers_test_nodes:/opt/ros/humble /usr/bin/cmake /home/openmutt/openarm_ws/src/arm_description -DCMAKE_INSTALL_PREFIX=/home/openmutt/openarm_ws/install/arm_description
[4.037s] DEBUG:colcon.colcon_core.event_handler.log_command:Invoking command in '/home/openmutt/openarm_ws/build/arm_description': CMAKE_PREFIX_PATH=${CMAKE_PREFIX_PATH}:/home/openmutt/openmutt_ws/install/opencv_tests:/home/openmutt/ros2_control_ws/install/rqt_joint_trajectory_controller:/home/openmutt/ros2_control_ws/install/rqt_controller_manager:/home/openmutt/ros2_control_ws/install/ros2controlcli:/home/openmutt/ros2_control_ws/install/ros2_controllers_test_nodes:/opt/ros/humble /usr/bin/cmake --build /home/openmutt/openarm_ws/build/arm_description -- -j6 -l6
[4.521s] DEBUG:colcon.colcon_core.event_handler.log_command:Invoked command in '/home/openmutt/openarm_ws/build/arm_description' returned '0': CMAKE_PREFIX_PATH=${CMAKE_PREFIX_PATH}:/home/openmutt/openmutt_ws/install/opencv_tests:/home/openmutt/ros2_control_ws/install/rqt_joint_trajectory_controller:/home/openmutt/ros2_control_ws/install/rqt_controller_manager:/home/openmutt/ros2_control_ws/install/ros2controlcli:/home/openmutt/ros2_control_ws/install/ros2_controllers_test_nodes:/opt/ros/humble /usr/bin/cmake --build /home/openmutt/openarm_ws/build/arm_description -- -j6 -l6
[4.558s] DEBUG:colcon.colcon_core.event_handler.log_command:Invoking command in '/home/openmutt/openarm_ws/build/arm_description': CMAKE_PREFIX_PATH=${CMAKE_PREFIX_PATH}:/home/openmutt/openmutt_ws/install/opencv_tests:/home/openmutt/ros2_control_ws/install/rqt_joint_trajectory_controller:/home/openmutt/ros2_control_ws/install/rqt_controller_manager:/home/openmutt/ros2_control_ws/install/ros2controlcli:/home/openmutt/ros2_control_ws/install/ros2_controllers_test_nodes:/opt/ros/humble /usr/bin/cmake --install /home/openmutt/openarm_ws/build/arm_description
[4.601s] Level 1:colcon.colcon_core.environment:create_environment_scripts_only(arm_description)
[4.603s] DEBUG:colcon.colcon_core.event_handler.log_command:Invoked command in '/home/openmutt/openarm_ws/build/arm_description' returned '0': CMAKE_PREFIX_PATH=${CMAKE_PREFIX_PATH}:/home/openmutt/openmutt_ws/install/opencv_tests:/home/openmutt/ros2_control_ws/install/rqt_joint_trajectory_controller:/home/openmutt/ros2_control_ws/install/rqt_controller_manager:/home/openmutt/ros2_control_ws/install/ros2controlcli:/home/openmutt/ros2_control_ws/install/ros2_controllers_test_nodes:/opt/ros/humble /usr/bin/cmake --install /home/openmutt/openarm_ws/build/arm_description
[4.622s] Level 1:colcon.colcon_core.environment:checking '/home/openmutt/openarm_ws/install/arm_description' for CMake module files
[4.625s] Level 1:colcon.colcon_core.environment:checking '/home/openmutt/openarm_ws/install/arm_description' for CMake config files
[4.626s] Level 1:colcon.colcon_core.shell:create_environment_hook('arm_description', 'cmake_prefix_path')
[4.627s] INFO:colcon.colcon_core.shell:Creating environment hook '/home/openmutt/openarm_ws/install/arm_description/share/arm_description/hook/cmake_prefix_path.ps1'
[4.631s] INFO:colcon.colcon_core.shell:Creating environment descriptor '/home/openmutt/openarm_ws/install/arm_description/share/arm_description/hook/cmake_prefix_path.dsv'
[4.633s] INFO:colcon.colcon_core.shell:Creating environment hook '/home/openmutt/openarm_ws/install/arm_description/share/arm_description/hook/cmake_prefix_path.sh'
[4.638s] Level 1:colcon.colcon_core.environment:checking '/home/openmutt/openarm_ws/install/arm_description/lib'
[4.638s] Level 1:colcon.colcon_core.environment:checking '/home/openmutt/openarm_ws/install/arm_description/bin'
[4.639s] Level 1:colcon.colcon_core.environment:checking '/home/openmutt/openarm_ws/install/arm_description/lib/pkgconfig/arm_description.pc'
[4.640s] Level 1:colcon.colcon_core.environment:checking '/home/openmutt/openarm_ws/install/arm_description/lib/python3.10/site-packages'
[4.640s] Level 1:colcon.colcon_core.environment:checking '/home/openmutt/openarm_ws/install/arm_description/bin'
[4.642s] INFO:colcon.colcon_core.shell:Creating package script '/home/openmutt/openarm_ws/install/arm_description/share/arm_description/package.ps1'
[4.646s] INFO:colcon.colcon_core.shell:Creating package descriptor '/home/openmutt/openarm_ws/install/arm_description/share/arm_description/package.dsv'
[4.648s] INFO:colcon.colcon_core.shell:Creating package script '/home/openmutt/openarm_ws/install/arm_description/share/arm_description/package.sh'
[4.652s] INFO:colcon.colcon_core.shell:Creating package script '/home/openmutt/openarm_ws/install/arm_description/share/arm_description/package.bash'
[4.655s] INFO:colcon.colcon_core.shell:Creating package script '/home/openmutt/openarm_ws/install/arm_description/share/arm_description/package.zsh'
[4.657s] Level 1:colcon.colcon_core.environment:create_file_with_runtime_dependencies(/home/openmutt/openarm_ws/install/arm_description/share/colcon-core/packages/arm_description)
[4.660s] Level 1:colcon.colcon_core.environment:create_environment_scripts_only(arm_description)
[4.661s] Level 1:colcon.colcon_core.environment:checking '/home/openmutt/openarm_ws/install/arm_description' for CMake module files
[4.663s] Level 1:colcon.colcon_core.environment:checking '/home/openmutt/openarm_ws/install/arm_description' for CMake config files
[4.664s] Level 1:colcon.colcon_core.shell:create_environment_hook('arm_description', 'cmake_prefix_path')
[4.665s] INFO:colcon.colcon_core.shell:Creating environment hook '/home/openmutt/openarm_ws/install/arm_description/share/arm_description/hook/cmake_prefix_path.ps1'
[4.667s] INFO:colcon.colcon_core.shell:Creating environment descriptor '/home/openmutt/openarm_ws/install/arm_description/share/arm_description/hook/cmake_prefix_path.dsv'
[4.668s] INFO:colcon.colcon_core.shell:Creating environment hook '/home/openmutt/openarm_ws/install/arm_description/share/arm_description/hook/cmake_prefix_path.sh'
[4.671s] Level 1:colcon.colcon_core.environment:checking '/home/openmutt/openarm_ws/install/arm_description/lib'
[4.671s] Level 1:colcon.colcon_core.environment:checking '/home/openmutt/openarm_ws/install/arm_description/bin'
[4.671s] Level 1:colcon.colcon_core.environment:checking '/home/openmutt/openarm_ws/install/arm_description/lib/pkgconfig/arm_description.pc'
[4.672s] Level 1:colcon.colcon_core.environment:checking '/home/openmutt/openarm_ws/install/arm_description/lib/python3.10/site-packages'
[4.673s] Level 1:colcon.colcon_core.environment:checking '/home/openmutt/openarm_ws/install/arm_description/bin'
[4.674s] INFO:colcon.colcon_core.shell:Creating package script '/home/openmutt/openarm_ws/install/arm_description/share/arm_description/package.ps1'
[4.676s] INFO:colcon.colcon_core.shell:Creating package descriptor '/home/openmutt/openarm_ws/install/arm_description/share/arm_description/package.dsv'
[4.678s] INFO:colcon.colcon_core.shell:Creating package script '/home/openmutt/openarm_ws/install/arm_description/share/arm_description/package.sh'
[4.681s] INFO:colcon.colcon_core.shell:Creating package script '/home/openmutt/openarm_ws/install/arm_description/share/arm_description/package.bash'
[4.683s] INFO:colcon.colcon_core.shell:Creating package script '/home/openmutt/openarm_ws/install/arm_description/share/arm_description/package.zsh'
[4.685s] Level 1:colcon.colcon_core.environment:create_file_with_runtime_dependencies(/home/openmutt/openarm_ws/install/arm_description/share/colcon-core/packages/arm_description)
[4.686s] DEBUG:colcon.colcon_parallel_executor.executor.parallel:closing loop
[4.688s] DEBUG:colcon.colcon_parallel_executor.executor.parallel:loop closed
[4.688s] DEBUG:colcon.colcon_parallel_executor.executor.parallel:run_until_complete finished with '0'
[4.688s] DEBUG:colcon.colcon_core.event_reactor:joining thread
[4.714s] INFO:colcon.colcon_core.plugin_system:Skipping extension 'colcon_notification.desktop_notification.terminal_notifier': Not used on non-Darwin systems
[4.714s] INFO:colcon.colcon_core.plugin_system:Skipping extension 'colcon_notification.desktop_notification.win32': Not used on non-Windows systems
[4.715s] INFO:colcon.colcon_notification.desktop_notification:Sending desktop notification using 'notify2'
[4.768s] DEBUG:colcon.colcon_core.event_reactor:joined thread
[4.769s] INFO:colcon.colcon_core.shell:Creating prefix script '/home/openmutt/openarm_ws/install/local_setup.ps1'
[4.773s] INFO:colcon.colcon_core.shell:Creating prefix util module '/home/openmutt/openarm_ws/install/_local_setup_util_ps1.py'
[4.778s] INFO:colcon.colcon_core.shell:Creating prefix chain script '/home/openmutt/openarm_ws/install/setup.ps1'
[4.788s] INFO:colcon.colcon_core.shell:Creating prefix script '/home/openmutt/openarm_ws/install/local_setup.sh'
[4.790s] INFO:colcon.colcon_core.shell:Creating prefix util module '/home/openmutt/openarm_ws/install/_local_setup_util_sh.py'
[4.791s] INFO:colcon.colcon_core.shell:Creating prefix chain script '/home/openmutt/openarm_ws/install/setup.sh'
[4.800s] INFO:colcon.colcon_core.shell:Creating prefix script '/home/openmutt/openarm_ws/install/local_setup.bash'
[4.801s] INFO:colcon.colcon_core.shell:Creating prefix chain script '/home/openmutt/openarm_ws/install/setup.bash'
[4.809s] INFO:colcon.colcon_core.shell:Creating prefix script '/home/openmutt/openarm_ws/install/local_setup.zsh'
[4.810s] INFO:colcon.colcon_core.shell:Creating prefix chain script '/home/openmutt/openarm_ws/install/setup.zsh'
