[0.304s] DEBUG:colcon:Command line arguments: ['/usr/bin/colcon', 'build']
[0.305s] DEBUG:colcon:Parsed command line arguments: Namespace(log_base=None, log_level=None, verb_name='build', build_base='build', install_base='install', merge_install=False, symlink_install=False, test_result_base=None, continue_on_error=False, executor='parallel', parallel_workers=6, event_handlers=None, ignore_user_meta=False, metas=['./colcon.meta'], base_paths=['.'], packages_ignore=None, packages_ignore_regex=None, paths=None, packages_up_to=None, packages_up_to_regex=None, packages_above=None, packages_above_and_dependencies=None, packages_above_depth=None, packages_select_by_dep=None, packages_skip_by_dep=None, packages_skip_up_to=None, packages_select_build_failed=False, packages_skip_build_finished=False, packages_select_test_failures=False, packages_skip_test_passed=False, packages_select=None, packages_skip=None, packages_select_regex=None, packages_skip_regex=None, packages_start=None, packages_end=None, allow_overriding=[], cmake_args=None, cmake_target=None, cmake_target_skip_unavailable=False, cmake_clean_cache=False, cmake_clean_first=False, cmake_force_configure=False, ament_cmake_args=None, catkin_cmake_args=None, catkin_skip_building_tests=False, mixin_files=None, mixin=None, verb_parser=<colcon_mixin.mixin.mixin_argument.MixinArgumentDecorator object at 0xffffaebd33d0>, verb_extension=<colcon_core.verb.build.BuildVerb object at 0xffffaebd2d10>, main=<bound method BuildVerb.main of <colcon_core.verb.build.BuildVerb object at 0xffffaebd2d10>>, mixin_verb=('build',))
[0.776s] Level 1:colcon.colcon_core.package_discovery:discover_packages(colcon_meta) check parameters
[0.777s] Level 1:colcon.colcon_core.package_discovery:discover_packages(recursive) check parameters
[0.777s] Level 1:colcon.colcon_core.package_discovery:discover_packages(ignore) check parameters
[0.777s] Level 1:colcon.colcon_core.package_discovery:discover_packages(path) check parameters
[0.777s] Level 1:colcon.colcon_core.package_discovery:discover_packages(colcon_meta) discover
[0.777s] Level 1:colcon.colcon_core.package_discovery:discover_packages(recursive) discover
[0.777s] INFO:colcon.colcon_core.package_discovery:Crawling recursively for packages in '/home/openmutt/openarm_ws'
[0.778s] Level 1:colcon.colcon_core.package_identification:_identify(.) by extensions ['ignore', 'ignore_ament_install']
[0.778s] Level 1:colcon.colcon_core.package_identification:_identify(.) by extension 'ignore'
[0.778s] Level 1:colcon.colcon_core.package_identification:_identify(.) by extension 'ignore_ament_install'
[0.778s] Level 1:colcon.colcon_core.package_identification:_identify(.) by extensions ['colcon_pkg']
[0.779s] Level 1:colcon.colcon_core.package_identification:_identify(.) by extension 'colcon_pkg'
[0.779s] Level 1:colcon.colcon_core.package_identification:_identify(.) by extensions ['colcon_meta']
[0.779s] Level 1:colcon.colcon_core.package_identification:_identify(.) by extension 'colcon_meta'
[0.779s] Level 1:colcon.colcon_core.package_identification:_identify(.) by extensions ['ros']
[0.779s] Level 1:colcon.colcon_core.package_identification:_identify(.) by extension 'ros'
[0.809s] Level 1:colcon.colcon_core.package_identification:_identify(.) by extensions ['cmake', 'python']
[0.809s] Level 1:colcon.colcon_core.package_identification:_identify(.) by extension 'cmake'
[0.810s] Level 1:colcon.colcon_core.package_identification:_identify(.) by extension 'python'
[0.810s] Level 1:colcon.colcon_core.package_identification:_identify(.) by extensions ['python_setup_py']
[0.810s] Level 1:colcon.colcon_core.package_identification:_identify(.) by extension 'python_setup_py'
[0.810s] Level 1:colcon.colcon_core.package_identification:_identify(build) by extensions ['ignore', 'ignore_ament_install']
[0.811s] Level 1:colcon.colcon_core.package_identification:_identify(build) by extension 'ignore'
[0.811s] Level 1:colcon.colcon_core.package_identification:_identify(build) ignored
[0.811s] Level 1:colcon.colcon_core.package_identification:_identify(install) by extensions ['ignore', 'ignore_ament_install']
[0.811s] Level 1:colcon.colcon_core.package_identification:_identify(install) by extension 'ignore'
[0.811s] Level 1:colcon.colcon_core.package_identification:_identify(install) ignored
[0.812s] Level 1:colcon.colcon_core.package_identification:_identify(log) by extensions ['ignore', 'ignore_ament_install']
[0.812s] Level 1:colcon.colcon_core.package_identification:_identify(log) by extension 'ignore'
[0.812s] Level 1:colcon.colcon_core.package_identification:_identify(log) ignored
[0.812s] Level 1:colcon.colcon_core.package_identification:_identify(src) by extensions ['ignore', 'ignore_ament_install']
[0.813s] Level 1:colcon.colcon_core.package_identification:_identify(src) by extension 'ignore'
[0.813s] Level 1:colcon.colcon_core.package_identification:_identify(src) by extension 'ignore_ament_install'
[0.813s] Level 1:colcon.colcon_core.package_identification:_identify(src) by extensions ['colcon_pkg']
[0.813s] Level 1:colcon.colcon_core.package_identification:_identify(src) by extension 'colcon_pkg'
[0.813s] Level 1:colcon.colcon_core.package_identification:_identify(src) by extensions ['colcon_meta']
[0.813s] Level 1:colcon.colcon_core.package_identification:_identify(src) by extension 'colcon_meta'
[0.813s] Level 1:colcon.colcon_core.package_identification:_identify(src) by extensions ['ros']
[0.813s] Level 1:colcon.colcon_core.package_identification:_identify(src) by extension 'ros'
[0.814s] Level 1:colcon.colcon_core.package_identification:_identify(src) by extensions ['cmake', 'python']
[0.814s] Level 1:colcon.colcon_core.package_identification:_identify(src) by extension 'cmake'
[0.814s] Level 1:colcon.colcon_core.package_identification:_identify(src) by extension 'python'
[0.814s] Level 1:colcon.colcon_core.package_identification:_identify(src) by extensions ['python_setup_py']
[0.814s] Level 1:colcon.colcon_core.package_identification:_identify(src) by extension 'python_setup_py'
[0.814s] Level 1:colcon.colcon_core.package_identification:_identify(src/arm_description) by extensions ['ignore', 'ignore_ament_install']
[0.814s] Level 1:colcon.colcon_core.package_identification:_identify(src/arm_description) by extension 'ignore'
[0.815s] Level 1:colcon.colcon_core.package_identification:_identify(src/arm_description) by extension 'ignore_ament_install'
[0.815s] Level 1:colcon.colcon_core.package_identification:_identify(src/arm_description) by extensions ['colcon_pkg']
[0.815s] Level 1:colcon.colcon_core.package_identification:_identify(src/arm_description) by extension 'colcon_pkg'
[0.815s] Level 1:colcon.colcon_core.package_identification:_identify(src/arm_description) by extensions ['colcon_meta']
[0.815s] Level 1:colcon.colcon_core.package_identification:_identify(src/arm_description) by extension 'colcon_meta'
[0.815s] Level 1:colcon.colcon_core.package_identification:_identify(src/arm_description) by extensions ['ros']
[0.815s] Level 1:colcon.colcon_core.package_identification:_identify(src/arm_description) by extension 'ros'
[0.868s] DEBUG:colcon.colcon_core.package_identification:Package 'src/arm_description' with type 'ros.ament_cmake' and name 'arm_description'
[0.868s] Level 1:colcon.colcon_core.package_discovery:discover_packages(recursive) using defaults
[0.868s] Level 1:colcon.colcon_core.package_discovery:discover_packages(ignore) discover
[0.868s] Level 1:colcon.colcon_core.package_discovery:discover_packages(ignore) using defaults
[0.869s] Level 1:colcon.colcon_core.package_discovery:discover_packages(path) discover
[0.869s] Level 1:colcon.colcon_core.package_discovery:discover_packages(path) using defaults
[0.929s] Level 1:colcon.colcon_core.package_discovery:discover_packages(prefix_path) check parameters
[0.929s] Level 1:colcon.colcon_core.package_discovery:discover_packages(prefix_path) discover
[0.939s] DEBUG:colcon.colcon_installed_package_information.package_discovery:Found 1 installed packages in /home/openmutt/openarm_ws/install
[0.941s] DEBUG:colcon.colcon_installed_package_information.package_discovery:Found 13 installed packages in /home/openmutt/openmutt_ws/install
[0.942s] DEBUG:colcon.colcon_installed_package_information.package_discovery:Found 1 installed packages in /home/openmutt/openmutt_ws/install/champ_gazebo
[0.945s] DEBUG:colcon.colcon_installed_package_information.package_discovery:Found 37 installed packages in /home/openmutt/ros2_control_ws/install
[0.949s] DEBUG:colcon.colcon_installed_package_information.package_discovery:Found 331 installed packages in /opt/ros/humble
[0.956s] Level 1:colcon.colcon_core.package_discovery:discover_packages(prefix_path) using defaults
[1.154s] Level 5:colcon.colcon_core.verb:set package 'arm_description' build argument 'cmake_args' from command line to 'None'
[1.154s] Level 5:colcon.colcon_core.verb:set package 'arm_description' build argument 'cmake_target' from command line to 'None'
[1.154s] Level 5:colcon.colcon_core.verb:set package 'arm_description' build argument 'cmake_target_skip_unavailable' from command line to 'False'
[1.154s] Level 5:colcon.colcon_core.verb:set package 'arm_description' build argument 'cmake_clean_cache' from command line to 'False'
[1.154s] Level 5:colcon.colcon_core.verb:set package 'arm_description' build argument 'cmake_clean_first' from command line to 'False'
[1.154s] Level 5:colcon.colcon_core.verb:set package 'arm_description' build argument 'cmake_force_configure' from command line to 'False'
[1.154s] Level 5:colcon.colcon_core.verb:set package 'arm_description' build argument 'ament_cmake_args' from command line to 'None'
[1.154s] Level 5:colcon.colcon_core.verb:set package 'arm_description' build argument 'catkin_cmake_args' from command line to 'None'
[1.155s] Level 5:colcon.colcon_core.verb:set package 'arm_description' build argument 'catkin_skip_building_tests' from command line to 'False'
[1.155s] DEBUG:colcon.colcon_core.verb:Building package 'arm_description' with the following arguments: {'ament_cmake_args': None, 'build_base': '/home/openmutt/openarm_ws/build/arm_description', 'catkin_cmake_args': None, 'catkin_skip_building_tests': False, 'cmake_args': None, 'cmake_clean_cache': False, 'cmake_clean_first': False, 'cmake_force_configure': False, 'cmake_target': None, 'cmake_target_skip_unavailable': False, 'install_base': '/home/openmutt/openarm_ws/install/arm_description', 'merge_install': False, 'path': '/home/openmutt/openarm_ws/src/arm_description', 'symlink_install': False, 'test_result_base': None}
[1.155s] INFO:colcon.colcon_core.executor:Executing jobs using 'parallel' executor
[1.159s] DEBUG:colcon.colcon_parallel_executor.executor.parallel:run_until_complete
[1.160s] INFO:colcon.colcon_ros.task.ament_cmake.build:Building ROS package in '/home/openmutt/openarm_ws/src/arm_description' with build type 'ament_cmake'
[1.160s] INFO:colcon.colcon_cmake.task.cmake.build:Building CMake package in '/home/openmutt/openarm_ws/src/arm_description'
[1.166s] INFO:colcon.colcon_core.plugin_system:Skipping extension 'colcon_core.shell.bat': Not used on non-Windows systems
[1.166s] INFO:colcon.colcon_core.shell:Skip shell extension 'powershell' for command environment: Not usable outside of PowerShell
[1.166s] DEBUG:colcon.colcon_core.shell:Skip shell extension 'dsv' for command environment
[1.202s] DEBUG:colcon.colcon_core.event_handler.log_command:Invoking command in '/home/openmutt/openarm_ws/build/arm_description': CMAKE_PREFIX_PATH=${CMAKE_PREFIX_PATH}:/home/openmutt/openmutt_ws/install/opencv_tests:/home/openmutt/ros2_control_ws/install/rqt_joint_trajectory_controller:/home/openmutt/ros2_control_ws/install/rqt_controller_manager:/home/openmutt/ros2_control_ws/install/ros2controlcli:/home/openmutt/ros2_control_ws/install/ros2_controllers_test_nodes:/opt/ros/humble /usr/bin/cmake --build /home/openmutt/openarm_ws/build/arm_description -- -j6 -l6
[1.976s] DEBUG:colcon.colcon_core.event_handler.log_command:Invoked command in '/home/openmutt/openarm_ws/build/arm_description' returned '0': CMAKE_PREFIX_PATH=${CMAKE_PREFIX_PATH}:/home/openmutt/openmutt_ws/install/opencv_tests:/home/openmutt/ros2_control_ws/install/rqt_joint_trajectory_controller:/home/openmutt/ros2_control_ws/install/rqt_controller_manager:/home/openmutt/ros2_control_ws/install/ros2controlcli:/home/openmutt/ros2_control_ws/install/ros2_controllers_test_nodes:/opt/ros/humble /usr/bin/cmake --build /home/openmutt/openarm_ws/build/arm_description -- -j6 -l6
[2.015s] DEBUG:colcon.colcon_core.event_handler.log_command:Invoking command in '/home/openmutt/openarm_ws/build/arm_description': CMAKE_PREFIX_PATH=${CMAKE_PREFIX_PATH}:/home/openmutt/openmutt_ws/install/opencv_tests:/home/openmutt/ros2_control_ws/install/rqt_joint_trajectory_controller:/home/openmutt/ros2_control_ws/install/rqt_controller_manager:/home/openmutt/ros2_control_ws/install/ros2controlcli:/home/openmutt/ros2_control_ws/install/ros2_controllers_test_nodes:/opt/ros/humble /usr/bin/cmake --install /home/openmutt/openarm_ws/build/arm_description
[2.126s] Level 1:colcon.colcon_core.environment:create_environment_scripts_only(arm_description)
[2.128s] DEBUG:colcon.colcon_core.event_handler.log_command:Invoked command in '/home/openmutt/openarm_ws/build/arm_description' returned '0': CMAKE_PREFIX_PATH=${CMAKE_PREFIX_PATH}:/home/openmutt/openmutt_ws/install/opencv_tests:/home/openmutt/ros2_control_ws/install/rqt_joint_trajectory_controller:/home/openmutt/ros2_control_ws/install/rqt_controller_manager:/home/openmutt/ros2_control_ws/install/ros2controlcli:/home/openmutt/ros2_control_ws/install/ros2_controllers_test_nodes:/opt/ros/humble /usr/bin/cmake --install /home/openmutt/openarm_ws/build/arm_description
[2.138s] Level 1:colcon.colcon_core.environment:checking '/home/openmutt/openarm_ws/install/arm_description' for CMake module files
[2.140s] Level 1:colcon.colcon_core.environment:checking '/home/openmutt/openarm_ws/install/arm_description' for CMake config files
[2.142s] Level 1:colcon.colcon_core.shell:create_environment_hook('arm_description', 'cmake_prefix_path')
[2.143s] INFO:colcon.colcon_core.shell:Creating environment hook '/home/openmutt/openarm_ws/install/arm_description/share/arm_description/hook/cmake_prefix_path.ps1'
[2.146s] INFO:colcon.colcon_core.shell:Creating environment descriptor '/home/openmutt/openarm_ws/install/arm_description/share/arm_description/hook/cmake_prefix_path.dsv'
[2.148s] INFO:colcon.colcon_core.shell:Creating environment hook '/home/openmutt/openarm_ws/install/arm_description/share/arm_description/hook/cmake_prefix_path.sh'
[2.153s] Level 1:colcon.colcon_core.environment:checking '/home/openmutt/openarm_ws/install/arm_description/lib'
[2.153s] Level 1:colcon.colcon_core.environment:checking '/home/openmutt/openarm_ws/install/arm_description/bin'
[2.154s] Level 1:colcon.colcon_core.environment:checking '/home/openmutt/openarm_ws/install/arm_description/lib/pkgconfig/arm_description.pc'
[2.155s] Level 1:colcon.colcon_core.environment:checking '/home/openmutt/openarm_ws/install/arm_description/lib/python3.10/site-packages'
[2.155s] Level 1:colcon.colcon_core.environment:checking '/home/openmutt/openarm_ws/install/arm_description/bin'
[2.157s] INFO:colcon.colcon_core.shell:Creating package script '/home/openmutt/openarm_ws/install/arm_description/share/arm_description/package.ps1'
[2.160s] INFO:colcon.colcon_core.shell:Creating package descriptor '/home/openmutt/openarm_ws/install/arm_description/share/arm_description/package.dsv'
[2.162s] INFO:colcon.colcon_core.shell:Creating package script '/home/openmutt/openarm_ws/install/arm_description/share/arm_description/package.sh'
[2.165s] INFO:colcon.colcon_core.shell:Creating package script '/home/openmutt/openarm_ws/install/arm_description/share/arm_description/package.bash'
[2.168s] INFO:colcon.colcon_core.shell:Creating package script '/home/openmutt/openarm_ws/install/arm_description/share/arm_description/package.zsh'
[2.171s] Level 1:colcon.colcon_core.environment:create_file_with_runtime_dependencies(/home/openmutt/openarm_ws/install/arm_description/share/colcon-core/packages/arm_description)
[2.173s] Level 1:colcon.colcon_core.environment:create_environment_scripts_only(arm_description)
[2.174s] Level 1:colcon.colcon_core.environment:checking '/home/openmutt/openarm_ws/install/arm_description' for CMake module files
[2.176s] Level 1:colcon.colcon_core.environment:checking '/home/openmutt/openarm_ws/install/arm_description' for CMake config files
[2.178s] Level 1:colcon.colcon_core.shell:create_environment_hook('arm_description', 'cmake_prefix_path')
[2.179s] INFO:colcon.colcon_core.shell:Creating environment hook '/home/openmutt/openarm_ws/install/arm_description/share/arm_description/hook/cmake_prefix_path.ps1'
[2.181s] INFO:colcon.colcon_core.shell:Creating environment descriptor '/home/openmutt/openarm_ws/install/arm_description/share/arm_description/hook/cmake_prefix_path.dsv'
[2.182s] INFO:colcon.colcon_core.shell:Creating environment hook '/home/openmutt/openarm_ws/install/arm_description/share/arm_description/hook/cmake_prefix_path.sh'
[2.184s] Level 1:colcon.colcon_core.environment:checking '/home/openmutt/openarm_ws/install/arm_description/lib'
[2.185s] Level 1:colcon.colcon_core.environment:checking '/home/openmutt/openarm_ws/install/arm_description/bin'
[2.185s] Level 1:colcon.colcon_core.environment:checking '/home/openmutt/openarm_ws/install/arm_description/lib/pkgconfig/arm_description.pc'
[2.186s] Level 1:colcon.colcon_core.environment:checking '/home/openmutt/openarm_ws/install/arm_description/lib/python3.10/site-packages'
[2.187s] Level 1:colcon.colcon_core.environment:checking '/home/openmutt/openarm_ws/install/arm_description/bin'
[2.188s] INFO:colcon.colcon_core.shell:Creating package script '/home/openmutt/openarm_ws/install/arm_description/share/arm_description/package.ps1'
[2.190s] INFO:colcon.colcon_core.shell:Creating package descriptor '/home/openmutt/openarm_ws/install/arm_description/share/arm_description/package.dsv'
[2.191s] INFO:colcon.colcon_core.shell:Creating package script '/home/openmutt/openarm_ws/install/arm_description/share/arm_description/package.sh'
[2.193s] INFO:colcon.colcon_core.shell:Creating package script '/home/openmutt/openarm_ws/install/arm_description/share/arm_description/package.bash'
[2.194s] INFO:colcon.colcon_core.shell:Creating package script '/home/openmutt/openarm_ws/install/arm_description/share/arm_description/package.zsh'
[2.196s] Level 1:colcon.colcon_core.environment:create_file_with_runtime_dependencies(/home/openmutt/openarm_ws/install/arm_description/share/colcon-core/packages/arm_description)
[2.198s] DEBUG:colcon.colcon_parallel_executor.executor.parallel:closing loop
[2.198s] DEBUG:colcon.colcon_parallel_executor.executor.parallel:loop closed
[2.199s] DEBUG:colcon.colcon_parallel_executor.executor.parallel:run_until_complete finished with '0'
[2.200s] DEBUG:colcon.colcon_core.event_reactor:joining thread
[2.219s] INFO:colcon.colcon_core.plugin_system:Skipping extension 'colcon_notification.desktop_notification.terminal_notifier': Not used on non-Darwin systems
[2.220s] INFO:colcon.colcon_core.plugin_system:Skipping extension 'colcon_notification.desktop_notification.win32': Not used on non-Windows systems
[2.220s] INFO:colcon.colcon_notification.desktop_notification:Sending desktop notification using 'notify2'
[2.271s] DEBUG:colcon.colcon_core.event_reactor:joined thread
[2.274s] INFO:colcon.colcon_core.shell:Creating prefix script '/home/openmutt/openarm_ws/install/local_setup.ps1'
[2.280s] INFO:colcon.colcon_core.shell:Creating prefix util module '/home/openmutt/openarm_ws/install/_local_setup_util_ps1.py'
[2.288s] INFO:colcon.colcon_core.shell:Creating prefix chain script '/home/openmutt/openarm_ws/install/setup.ps1'
[2.305s] INFO:colcon.colcon_core.shell:Creating prefix script '/home/openmutt/openarm_ws/install/local_setup.sh'
[2.308s] INFO:colcon.colcon_core.shell:Creating prefix util module '/home/openmutt/openarm_ws/install/_local_setup_util_sh.py'
[2.311s] INFO:colcon.colcon_core.shell:Creating prefix chain script '/home/openmutt/openarm_ws/install/setup.sh'
[2.325s] INFO:colcon.colcon_core.shell:Creating prefix script '/home/openmutt/openarm_ws/install/local_setup.bash'
[2.327s] INFO:colcon.colcon_core.shell:Creating prefix chain script '/home/openmutt/openarm_ws/install/setup.bash'
[2.337s] INFO:colcon.colcon_core.shell:Creating prefix script '/home/openmutt/openarm_ws/install/local_setup.zsh'
[2.339s] INFO:colcon.colcon_core.shell:Creating prefix chain script '/home/openmutt/openarm_ws/install/setup.zsh'
