[0.288s] DEBUG:colcon:Command line arguments: ['/usr/bin/colcon', 'build']
[0.288s] DEBUG:colcon:Parsed command line arguments: Namespace(log_base=None, log_level=None, verb_name='build', build_base='build', install_base='install', merge_install=False, symlink_install=False, test_result_base=None, continue_on_error=False, executor='parallel', parallel_workers=6, event_handlers=None, ignore_user_meta=False, metas=['./colcon.meta'], base_paths=['.'], packages_ignore=None, packages_ignore_regex=None, paths=None, packages_up_to=None, packages_up_to_regex=None, packages_above=None, packages_above_and_dependencies=None, packages_above_depth=None, packages_select_by_dep=None, packages_skip_by_dep=None, packages_skip_up_to=None, packages_select_build_failed=False, packages_skip_build_finished=False, packages_select_test_failures=False, packages_skip_test_passed=False, packages_select=None, packages_skip=None, packages_select_regex=None, packages_skip_regex=None, packages_start=None, packages_end=None, allow_overriding=[], cmake_args=None, cmake_target=None, cmake_target_skip_unavailable=False, cmake_clean_cache=False, cmake_clean_first=False, cmake_force_configure=False, ament_cmake_args=None, catkin_cmake_args=None, catkin_skip_building_tests=False, mixin_files=None, mixin=None, verb_parser=<colcon_mixin.mixin.mixin_argument.MixinArgumentDecorator object at 0xffff870c33d0>, verb_extension=<colcon_core.verb.build.BuildVerb object at 0xffff870c2d10>, main=<bound method BuildVerb.main of <colcon_core.verb.build.BuildVerb object at 0xffff870c2d10>>, mixin_verb=('build',))
[0.744s] Level 1:colcon.colcon_core.package_discovery:discover_packages(colcon_meta) check parameters
[0.745s] Level 1:colcon.colcon_core.package_discovery:discover_packages(recursive) check parameters
[0.745s] Level 1:colcon.colcon_core.package_discovery:discover_packages(ignore) check parameters
[0.745s] Level 1:colcon.colcon_core.package_discovery:discover_packages(path) check parameters
[0.745s] Level 1:colcon.colcon_core.package_discovery:discover_packages(colcon_meta) discover
[0.746s] Level 1:colcon.colcon_core.package_discovery:discover_packages(recursive) discover
[0.746s] INFO:colcon.colcon_core.package_discovery:Crawling recursively for packages in '/home/openmutt/openarm_ws'
[0.746s] Level 1:colcon.colcon_core.package_identification:_identify(.) by extensions ['ignore', 'ignore_ament_install']
[0.746s] Level 1:colcon.colcon_core.package_identification:_identify(.) by extension 'ignore'
[0.747s] Level 1:colcon.colcon_core.package_identification:_identify(.) by extension 'ignore_ament_install'
[0.747s] Level 1:colcon.colcon_core.package_identification:_identify(.) by extensions ['colcon_pkg']
[0.747s] Level 1:colcon.colcon_core.package_identification:_identify(.) by extension 'colcon_pkg'
[0.747s] Level 1:colcon.colcon_core.package_identification:_identify(.) by extensions ['colcon_meta']
[0.747s] Level 1:colcon.colcon_core.package_identification:_identify(.) by extension 'colcon_meta'
[0.747s] Level 1:colcon.colcon_core.package_identification:_identify(.) by extensions ['ros']
[0.747s] Level 1:colcon.colcon_core.package_identification:_identify(.) by extension 'ros'
[0.778s] Level 1:colcon.colcon_core.package_identification:_identify(.) by extensions ['cmake', 'python']
[0.778s] Level 1:colcon.colcon_core.package_identification:_identify(.) by extension 'cmake'
[0.778s] Level 1:colcon.colcon_core.package_identification:_identify(.) by extension 'python'
[0.779s] Level 1:colcon.colcon_core.package_identification:_identify(.) by extensions ['python_setup_py']
[0.779s] Level 1:colcon.colcon_core.package_identification:_identify(.) by extension 'python_setup_py'
[0.779s] Level 1:colcon.colcon_core.package_identification:_identify(build) by extensions ['ignore', 'ignore_ament_install']
[0.779s] Level 1:colcon.colcon_core.package_identification:_identify(build) by extension 'ignore'
[0.779s] Level 1:colcon.colcon_core.package_identification:_identify(build) ignored
[0.780s] Level 1:colcon.colcon_core.package_identification:_identify(install) by extensions ['ignore', 'ignore_ament_install']
[0.780s] Level 1:colcon.colcon_core.package_identification:_identify(install) by extension 'ignore'
[0.780s] Level 1:colcon.colcon_core.package_identification:_identify(install) ignored
[0.780s] Level 1:colcon.colcon_core.package_identification:_identify(log) by extensions ['ignore', 'ignore_ament_install']
[0.781s] Level 1:colcon.colcon_core.package_identification:_identify(log) by extension 'ignore'
[0.781s] Level 1:colcon.colcon_core.package_identification:_identify(log) ignored
[0.781s] Level 1:colcon.colcon_core.package_identification:_identify(src) by extensions ['ignore', 'ignore_ament_install']
[0.781s] Level 1:colcon.colcon_core.package_identification:_identify(src) by extension 'ignore'
[0.781s] Level 1:colcon.colcon_core.package_identification:_identify(src) by extension 'ignore_ament_install'
[0.782s] Level 1:colcon.colcon_core.package_identification:_identify(src) by extensions ['colcon_pkg']
[0.782s] Level 1:colcon.colcon_core.package_identification:_identify(src) by extension 'colcon_pkg'
[0.782s] Level 1:colcon.colcon_core.package_identification:_identify(src) by extensions ['colcon_meta']
[0.782s] Level 1:colcon.colcon_core.package_identification:_identify(src) by extension 'colcon_meta'
[0.782s] Level 1:colcon.colcon_core.package_identification:_identify(src) by extensions ['ros']
[0.782s] Level 1:colcon.colcon_core.package_identification:_identify(src) by extension 'ros'
[0.782s] Level 1:colcon.colcon_core.package_identification:_identify(src) by extensions ['cmake', 'python']
[0.782s] Level 1:colcon.colcon_core.package_identification:_identify(src) by extension 'cmake'
[0.782s] Level 1:colcon.colcon_core.package_identification:_identify(src) by extension 'python'
[0.783s] Level 1:colcon.colcon_core.package_identification:_identify(src) by extensions ['python_setup_py']
[0.783s] Level 1:colcon.colcon_core.package_identification:_identify(src) by extension 'python_setup_py'
[0.783s] Level 1:colcon.colcon_core.package_identification:_identify(src/arm_description) by extensions ['ignore', 'ignore_ament_install']
[0.783s] Level 1:colcon.colcon_core.package_identification:_identify(src/arm_description) by extension 'ignore'
[0.783s] Level 1:colcon.colcon_core.package_identification:_identify(src/arm_description) by extension 'ignore_ament_install'
[0.783s] Level 1:colcon.colcon_core.package_identification:_identify(src/arm_description) by extensions ['colcon_pkg']
[0.783s] Level 1:colcon.colcon_core.package_identification:_identify(src/arm_description) by extension 'colcon_pkg'
[0.784s] Level 1:colcon.colcon_core.package_identification:_identify(src/arm_description) by extensions ['colcon_meta']
[0.784s] Level 1:colcon.colcon_core.package_identification:_identify(src/arm_description) by extension 'colcon_meta'
[0.784s] Level 1:colcon.colcon_core.package_identification:_identify(src/arm_description) by extensions ['ros']
[0.784s] Level 1:colcon.colcon_core.package_identification:_identify(src/arm_description) by extension 'ros'
[0.835s] DEBUG:colcon.colcon_core.package_identification:Package 'src/arm_description' with type 'ros.ament_cmake' and name 'arm_description'
[0.835s] Level 1:colcon.colcon_core.package_discovery:discover_packages(recursive) using defaults
[0.836s] Level 1:colcon.colcon_core.package_discovery:discover_packages(ignore) discover
[0.836s] Level 1:colcon.colcon_core.package_discovery:discover_packages(ignore) using defaults
[0.836s] Level 1:colcon.colcon_core.package_discovery:discover_packages(path) discover
[0.836s] Level 1:colcon.colcon_core.package_discovery:discover_packages(path) using defaults
[0.893s] Level 1:colcon.colcon_core.package_discovery:discover_packages(prefix_path) check parameters
[0.893s] Level 1:colcon.colcon_core.package_discovery:discover_packages(prefix_path) discover
[0.903s] DEBUG:colcon.colcon_installed_package_information.package_discovery:Found 1 installed packages in /home/openmutt/openarm_ws/install
[0.906s] DEBUG:colcon.colcon_installed_package_information.package_discovery:Found 13 installed packages in /home/openmutt/openmutt_ws/install
[0.906s] DEBUG:colcon.colcon_installed_package_information.package_discovery:Found 1 installed packages in /home/openmutt/openmutt_ws/install/champ_gazebo
[0.910s] DEBUG:colcon.colcon_installed_package_information.package_discovery:Found 37 installed packages in /home/openmutt/ros2_control_ws/install
[0.913s] DEBUG:colcon.colcon_installed_package_information.package_discovery:Found 331 installed packages in /opt/ros/humble
[0.920s] Level 1:colcon.colcon_core.package_discovery:discover_packages(prefix_path) using defaults
[1.100s] Level 5:colcon.colcon_core.verb:set package 'arm_description' build argument 'cmake_args' from command line to 'None'
[1.101s] Level 5:colcon.colcon_core.verb:set package 'arm_description' build argument 'cmake_target' from command line to 'None'
[1.101s] Level 5:colcon.colcon_core.verb:set package 'arm_description' build argument 'cmake_target_skip_unavailable' from command line to 'False'
[1.102s] Level 5:colcon.colcon_core.verb:set package 'arm_description' build argument 'cmake_clean_cache' from command line to 'False'
[1.102s] Level 5:colcon.colcon_core.verb:set package 'arm_description' build argument 'cmake_clean_first' from command line to 'False'
[1.102s] Level 5:colcon.colcon_core.verb:set package 'arm_description' build argument 'cmake_force_configure' from command line to 'False'
[1.103s] Level 5:colcon.colcon_core.verb:set package 'arm_description' build argument 'ament_cmake_args' from command line to 'None'
[1.103s] Level 5:colcon.colcon_core.verb:set package 'arm_description' build argument 'catkin_cmake_args' from command line to 'None'
[1.103s] Level 5:colcon.colcon_core.verb:set package 'arm_description' build argument 'catkin_skip_building_tests' from command line to 'False'
[1.103s] DEBUG:colcon.colcon_core.verb:Building package 'arm_description' with the following arguments: {'ament_cmake_args': None, 'build_base': '/home/openmutt/openarm_ws/build/arm_description', 'catkin_cmake_args': None, 'catkin_skip_building_tests': False, 'cmake_args': None, 'cmake_clean_cache': False, 'cmake_clean_first': False, 'cmake_force_configure': False, 'cmake_target': None, 'cmake_target_skip_unavailable': False, 'install_base': '/home/openmutt/openarm_ws/install/arm_description', 'merge_install': False, 'path': '/home/openmutt/openarm_ws/src/arm_description', 'symlink_install': False, 'test_result_base': None}
[1.104s] INFO:colcon.colcon_core.executor:Executing jobs using 'parallel' executor
[1.129s] DEBUG:colcon.colcon_parallel_executor.executor.parallel:run_until_complete
[1.130s] INFO:colcon.colcon_ros.task.ament_cmake.build:Building ROS package in '/home/openmutt/openarm_ws/src/arm_description' with build type 'ament_cmake'
[1.130s] INFO:colcon.colcon_cmake.task.cmake.build:Building CMake package in '/home/openmutt/openarm_ws/src/arm_description'
[1.138s] INFO:colcon.colcon_core.plugin_system:Skipping extension 'colcon_core.shell.bat': Not used on non-Windows systems
[1.138s] INFO:colcon.colcon_core.shell:Skip shell extension 'powershell' for command environment: Not usable outside of PowerShell
[1.138s] DEBUG:colcon.colcon_core.shell:Skip shell extension 'dsv' for command environment
[1.180s] DEBUG:colcon.colcon_core.event_handler.log_command:Invoking command in '/home/openmutt/openarm_ws/build/arm_description': CMAKE_PREFIX_PATH=${CMAKE_PREFIX_PATH}:/home/openmutt/openmutt_ws/install/opencv_tests:/home/openmutt/ros2_control_ws/install/rqt_joint_trajectory_controller:/home/openmutt/ros2_control_ws/install/rqt_controller_manager:/home/openmutt/ros2_control_ws/install/ros2controlcli:/home/openmutt/ros2_control_ws/install/ros2_controllers_test_nodes:/opt/ros/humble /usr/bin/cmake --build /home/openmutt/openarm_ws/build/arm_description -- -j6 -l6
[1.418s] DEBUG:colcon.colcon_core.event_handler.log_command:Invoked command in '/home/openmutt/openarm_ws/build/arm_description' returned '0': CMAKE_PREFIX_PATH=${CMAKE_PREFIX_PATH}:/home/openmutt/openmutt_ws/install/opencv_tests:/home/openmutt/ros2_control_ws/install/rqt_joint_trajectory_controller:/home/openmutt/ros2_control_ws/install/rqt_controller_manager:/home/openmutt/ros2_control_ws/install/ros2controlcli:/home/openmutt/ros2_control_ws/install/ros2_controllers_test_nodes:/opt/ros/humble /usr/bin/cmake --build /home/openmutt/openarm_ws/build/arm_description -- -j6 -l6
[1.455s] DEBUG:colcon.colcon_core.event_handler.log_command:Invoking command in '/home/openmutt/openarm_ws/build/arm_description': CMAKE_PREFIX_PATH=${CMAKE_PREFIX_PATH}:/home/openmutt/openmutt_ws/install/opencv_tests:/home/openmutt/ros2_control_ws/install/rqt_joint_trajectory_controller:/home/openmutt/ros2_control_ws/install/rqt_controller_manager:/home/openmutt/ros2_control_ws/install/ros2controlcli:/home/openmutt/ros2_control_ws/install/ros2_controllers_test_nodes:/opt/ros/humble /usr/bin/cmake --install /home/openmutt/openarm_ws/build/arm_description
[1.496s] Level 1:colcon.colcon_core.environment:create_environment_scripts_only(arm_description)
[1.508s] DEBUG:colcon.colcon_core.event_handler.log_command:Invoked command in '/home/openmutt/openarm_ws/build/arm_description' returned '0': CMAKE_PREFIX_PATH=${CMAKE_PREFIX_PATH}:/home/openmutt/openmutt_ws/install/opencv_tests:/home/openmutt/ros2_control_ws/install/rqt_joint_trajectory_controller:/home/openmutt/ros2_control_ws/install/rqt_controller_manager:/home/openmutt/ros2_control_ws/install/ros2controlcli:/home/openmutt/ros2_control_ws/install/ros2_controllers_test_nodes:/opt/ros/humble /usr/bin/cmake --install /home/openmutt/openarm_ws/build/arm_description
[1.514s] Level 1:colcon.colcon_core.environment:checking '/home/openmutt/openarm_ws/install/arm_description' for CMake module files
[1.517s] Level 1:colcon.colcon_core.environment:checking '/home/openmutt/openarm_ws/install/arm_description' for CMake config files
[1.519s] Level 1:colcon.colcon_core.shell:create_environment_hook('arm_description', 'cmake_prefix_path')
[1.520s] INFO:colcon.colcon_core.shell:Creating environment hook '/home/openmutt/openarm_ws/install/arm_description/share/arm_description/hook/cmake_prefix_path.ps1'
[1.523s] INFO:colcon.colcon_core.shell:Creating environment descriptor '/home/openmutt/openarm_ws/install/arm_description/share/arm_description/hook/cmake_prefix_path.dsv'
[1.525s] INFO:colcon.colcon_core.shell:Creating environment hook '/home/openmutt/openarm_ws/install/arm_description/share/arm_description/hook/cmake_prefix_path.sh'
[1.529s] Level 1:colcon.colcon_core.environment:checking '/home/openmutt/openarm_ws/install/arm_description/lib'
[1.530s] Level 1:colcon.colcon_core.environment:checking '/home/openmutt/openarm_ws/install/arm_description/bin'
[1.530s] Level 1:colcon.colcon_core.environment:checking '/home/openmutt/openarm_ws/install/arm_description/lib/pkgconfig/arm_description.pc'
[1.531s] Level 1:colcon.colcon_core.environment:checking '/home/openmutt/openarm_ws/install/arm_description/lib/python3.10/site-packages'
[1.532s] Level 1:colcon.colcon_core.environment:checking '/home/openmutt/openarm_ws/install/arm_description/bin'
[1.533s] INFO:colcon.colcon_core.shell:Creating package script '/home/openmutt/openarm_ws/install/arm_description/share/arm_description/package.ps1'
[1.537s] INFO:colcon.colcon_core.shell:Creating package descriptor '/home/openmutt/openarm_ws/install/arm_description/share/arm_description/package.dsv'
[1.539s] INFO:colcon.colcon_core.shell:Creating package script '/home/openmutt/openarm_ws/install/arm_description/share/arm_description/package.sh'
[1.542s] INFO:colcon.colcon_core.shell:Creating package script '/home/openmutt/openarm_ws/install/arm_description/share/arm_description/package.bash'
[1.545s] INFO:colcon.colcon_core.shell:Creating package script '/home/openmutt/openarm_ws/install/arm_description/share/arm_description/package.zsh'
[1.548s] Level 1:colcon.colcon_core.environment:create_file_with_runtime_dependencies(/home/openmutt/openarm_ws/install/arm_description/share/colcon-core/packages/arm_description)
[1.550s] Level 1:colcon.colcon_core.environment:create_environment_scripts_only(arm_description)
[1.551s] Level 1:colcon.colcon_core.environment:checking '/home/openmutt/openarm_ws/install/arm_description' for CMake module files
[1.554s] Level 1:colcon.colcon_core.environment:checking '/home/openmutt/openarm_ws/install/arm_description' for CMake config files
[1.555s] Level 1:colcon.colcon_core.shell:create_environment_hook('arm_description', 'cmake_prefix_path')
[1.556s] INFO:colcon.colcon_core.shell:Creating environment hook '/home/openmutt/openarm_ws/install/arm_description/share/arm_description/hook/cmake_prefix_path.ps1'
[1.558s] INFO:colcon.colcon_core.shell:Creating environment descriptor '/home/openmutt/openarm_ws/install/arm_description/share/arm_description/hook/cmake_prefix_path.dsv'
[1.560s] INFO:colcon.colcon_core.shell:Creating environment hook '/home/openmutt/openarm_ws/install/arm_description/share/arm_description/hook/cmake_prefix_path.sh'
[1.562s] Level 1:colcon.colcon_core.environment:checking '/home/openmutt/openarm_ws/install/arm_description/lib'
[1.563s] Level 1:colcon.colcon_core.environment:checking '/home/openmutt/openarm_ws/install/arm_description/bin'
[1.563s] Level 1:colcon.colcon_core.environment:checking '/home/openmutt/openarm_ws/install/arm_description/lib/pkgconfig/arm_description.pc'
[1.565s] Level 1:colcon.colcon_core.environment:checking '/home/openmutt/openarm_ws/install/arm_description/lib/python3.10/site-packages'
[1.566s] Level 1:colcon.colcon_core.environment:checking '/home/openmutt/openarm_ws/install/arm_description/bin'
[1.567s] INFO:colcon.colcon_core.shell:Creating package script '/home/openmutt/openarm_ws/install/arm_description/share/arm_description/package.ps1'
[1.569s] INFO:colcon.colcon_core.shell:Creating package descriptor '/home/openmutt/openarm_ws/install/arm_description/share/arm_description/package.dsv'
[1.571s] INFO:colcon.colcon_core.shell:Creating package script '/home/openmutt/openarm_ws/install/arm_description/share/arm_description/package.sh'
[1.572s] INFO:colcon.colcon_core.shell:Creating package script '/home/openmutt/openarm_ws/install/arm_description/share/arm_description/package.bash'
[1.574s] INFO:colcon.colcon_core.shell:Creating package script '/home/openmutt/openarm_ws/install/arm_description/share/arm_description/package.zsh'
[1.576s] Level 1:colcon.colcon_core.environment:create_file_with_runtime_dependencies(/home/openmutt/openarm_ws/install/arm_description/share/colcon-core/packages/arm_description)
[1.577s] DEBUG:colcon.colcon_parallel_executor.executor.parallel:closing loop
[1.579s] DEBUG:colcon.colcon_parallel_executor.executor.parallel:loop closed
[1.579s] DEBUG:colcon.colcon_parallel_executor.executor.parallel:run_until_complete finished with '0'
[1.580s] DEBUG:colcon.colcon_core.event_reactor:joining thread
[1.603s] INFO:colcon.colcon_core.plugin_system:Skipping extension 'colcon_notification.desktop_notification.terminal_notifier': Not used on non-Darwin systems
[1.604s] INFO:colcon.colcon_core.plugin_system:Skipping extension 'colcon_notification.desktop_notification.win32': Not used on non-Windows systems
[1.604s] INFO:colcon.colcon_notification.desktop_notification:Sending desktop notification using 'notify2'
[1.655s] DEBUG:colcon.colcon_core.event_reactor:joined thread
[1.657s] INFO:colcon.colcon_core.shell:Creating prefix script '/home/openmutt/openarm_ws/install/local_setup.ps1'
[1.661s] INFO:colcon.colcon_core.shell:Creating prefix util module '/home/openmutt/openarm_ws/install/_local_setup_util_ps1.py'
[1.666s] INFO:colcon.colcon_core.shell:Creating prefix chain script '/home/openmutt/openarm_ws/install/setup.ps1'
[1.678s] INFO:colcon.colcon_core.shell:Creating prefix script '/home/openmutt/openarm_ws/install/local_setup.sh'
[1.680s] INFO:colcon.colcon_core.shell:Creating prefix util module '/home/openmutt/openarm_ws/install/_local_setup_util_sh.py'
[1.683s] INFO:colcon.colcon_core.shell:Creating prefix chain script '/home/openmutt/openarm_ws/install/setup.sh'
[1.693s] INFO:colcon.colcon_core.shell:Creating prefix script '/home/openmutt/openarm_ws/install/local_setup.bash'
[1.695s] INFO:colcon.colcon_core.shell:Creating prefix chain script '/home/openmutt/openarm_ws/install/setup.bash'
[1.703s] INFO:colcon.colcon_core.shell:Creating prefix script '/home/openmutt/openarm_ws/install/local_setup.zsh'
[1.704s] INFO:colcon.colcon_core.shell:Creating prefix chain script '/home/openmutt/openarm_ws/install/setup.zsh'
