-- The C compiler identification is GNU 11.4.0
-- The CXX compiler identification is GNU 11.4.0
-- Detecting C compiler ABI info
-- Detecting C compiler ABI info - done
-- Check for working C compiler: /usr/bin/cc - skipped
-- Detecting C compile features
-- Detecting C compile features - done
-- Detecting CXX compiler ABI info
-- Detecting CXX compiler ABI info - done
-- Check for working CXX compiler: /usr/bin/c++ - skipped
-- Detecting CXX compile features
-- Detecting CXX compile features - done
-- Found ament_cmake: 1.3.11 (/opt/ros/humble/share/ament_cmake/cmake)
-- Found Python3: /usr/bin/python3 (found version "3.10.12") found components: Interpreter 
-- Found ament_lint_auto: 0.12.11 (/opt/ros/humble/share/ament_lint_auto/cmake)
-- Added test 'cppcheck' to perform static code analysis on C / C++ code
-- Configured cppcheck include dirs: $<BUILD_INTERFACE:/home/openmutt/openarm_ws/src/arm_description/include>
-- Configured cppcheck exclude dirs and/or files: 
-- Added test 'flake8' to check Python code syntax and style conventions
-- Added test 'lint_cmake' to check CMake code style
-- Added test 'pep257' to check Python code against some of the docstring style conventions in PEP 257
-- Added test 'uncrustify' to check C / C++ code style
-- Configured uncrustify additional arguments: 
-- Added test 'xmllint' to check XML markup files
-- Configuring done
-- Generating done
-- Build files have been written to: /home/openmutt/openarm_ws/build/arm_description
[ 50%] [32mBuilding CXX object CMakeFiles/arm_node.dir/src/arm_node.cpp.o[0m
[100%] [32m[1mLinking CXX executable arm_node[0m
[100%] Built target arm_node
-- Install configuration: ""
-- Installing: /home/openmutt/openarm_ws/install/arm_description/lib/arm_description/arm_node
-- Installing: /home/openmutt/openarm_ws/install/arm_description/share/ament_index/resource_index/package_run_dependencies/arm_description
-- Installing: /home/openmutt/openarm_ws/install/arm_description/share/ament_index/resource_index/parent_prefix_path/arm_description
-- Installing: /home/openmutt/openarm_ws/install/arm_description/share/arm_description/environment/ament_prefix_path.sh
-- Installing: /home/openmutt/openarm_ws/install/arm_description/share/arm_description/environment/ament_prefix_path.dsv
-- Installing: /home/openmutt/openarm_ws/install/arm_description/share/arm_description/environment/path.sh
-- Installing: /home/openmutt/openarm_ws/install/arm_description/share/arm_description/environment/path.dsv
-- Installing: /home/openmutt/openarm_ws/install/arm_description/share/arm_description/local_setup.bash
-- Installing: /home/openmutt/openarm_ws/install/arm_description/share/arm_description/local_setup.sh
-- Installing: /home/openmutt/openarm_ws/install/arm_description/share/arm_description/local_setup.zsh
-- Installing: /home/openmutt/openarm_ws/install/arm_description/share/arm_description/local_setup.dsv
-- Installing: /home/openmutt/openarm_ws/install/arm_description/share/arm_description/package.dsv
-- Installing: /home/openmutt/openarm_ws/install/arm_description/share/ament_index/resource_index/packages/arm_description
-- Installing: /home/openmutt/openarm_ws/install/arm_description/share/arm_description/cmake/arm_descriptionConfig.cmake
-- Installing: /home/openmutt/openarm_ws/install/arm_description/share/arm_description/cmake/arm_descriptionConfig-version.cmake
-- Installing: /home/openmutt/openarm_ws/install/arm_description/share/arm_description/package.xml
