[0.038s] Invoking command in '/home/openmutt/openarm_ws/build/arm_description': CMAKE_PREFIX_PATH=${CMAKE_PREFIX_PATH}:/home/openmutt/openmutt_ws/install/opencv_tests:/home/openmutt/ros2_control_ws/install/rqt_joint_trajectory_controller:/home/openmutt/ros2_control_ws/install/rqt_controller_manager:/home/openmutt/ros2_control_ws/install/ros2controlcli:/home/openmutt/ros2_control_ws/install/ros2_controllers_test_nodes:/opt/ros/humble /usr/bin/cmake /home/openmutt/openarm_ws/src/arm_description -DCMAKE_INSTALL_PREFIX=/home/openmutt/openarm_ws/install/arm_description
[0.075s] -- Found ament_cmake: 1.3.11 (/opt/ros/humble/share/ament_cmake/cmake)
[0.445s] -- Override CMake install command with custom implementation using symlinks instead of copying resources
[0.474s] -- Found ament_lint_auto: 0.12.11 (/opt/ros/humble/share/ament_lint_auto/cmake)
[0.694s] -- Added test 'cppcheck' to perform static code analysis on C / C++ code
[0.694s] -- Configured cppcheck include dirs: $<BUILD_INTERFACE:/home/openmutt/openarm_ws/src/arm_description/include>
[0.695s] -- Configured cppcheck exclude dirs and/or files: 
[0.695s] -- Added test 'flake8' to check Python code syntax and style conventions
[0.696s] -- Added test 'lint_cmake' to check CMake code style
[0.698s] -- Added test 'pep257' to check Python code against some of the docstring style conventions in PEP 257
[0.701s] -- Added test 'uncrustify' to check C / C++ code style
[0.701s] -- Configured uncrustify additional arguments: 
[0.702s] -- Added test 'xmllint' to check XML markup files
[0.706s] -- Configuring done
[0.719s] -- Generating done
[0.725s] -- Build files have been written to: /home/openmutt/openarm_ws/build/arm_description
[0.737s] Invoked command in '/home/openmutt/openarm_ws/build/arm_description' returned '0': CMAKE_PREFIX_PATH=${CMAKE_PREFIX_PATH}:/home/openmutt/openmutt_ws/install/opencv_tests:/home/openmutt/ros2_control_ws/install/rqt_joint_trajectory_controller:/home/openmutt/ros2_control_ws/install/rqt_controller_manager:/home/openmutt/ros2_control_ws/install/ros2controlcli:/home/openmutt/ros2_control_ws/install/ros2_controllers_test_nodes:/opt/ros/humble /usr/bin/cmake /home/openmutt/openarm_ws/src/arm_description -DCMAKE_INSTALL_PREFIX=/home/openmutt/openarm_ws/install/arm_description
[0.742s] Invoking command in '/home/openmutt/openarm_ws/build/arm_description': CMAKE_PREFIX_PATH=${CMAKE_PREFIX_PATH}:/home/openmutt/openmutt_ws/install/opencv_tests:/home/openmutt/ros2_control_ws/install/rqt_joint_trajectory_controller:/home/openmutt/ros2_control_ws/install/rqt_controller_manager:/home/openmutt/ros2_control_ws/install/ros2controlcli:/home/openmutt/ros2_control_ws/install/ros2_controllers_test_nodes:/opt/ros/humble /usr/bin/cmake --build /home/openmutt/openarm_ws/build/arm_description -- -j6 -l6
[0.891s] [35m[1mConsolidate compiler generated dependencies of target arm_node[0m
[0.940s] [100%] Built target arm_node
[0.986s] Invoked command in '/home/openmutt/openarm_ws/build/arm_description' returned '0': CMAKE_PREFIX_PATH=${CMAKE_PREFIX_PATH}:/home/openmutt/openmutt_ws/install/opencv_tests:/home/openmutt/ros2_control_ws/install/rqt_joint_trajectory_controller:/home/openmutt/ros2_control_ws/install/rqt_controller_manager:/home/openmutt/ros2_control_ws/install/ros2controlcli:/home/openmutt/ros2_control_ws/install/ros2_controllers_test_nodes:/opt/ros/humble /usr/bin/cmake --build /home/openmutt/openarm_ws/build/arm_description -- -j6 -l6
[1.028s] Invoking command in '/home/openmutt/openarm_ws/build/arm_description': CMAKE_PREFIX_PATH=${CMAKE_PREFIX_PATH}:/home/openmutt/openmutt_ws/install/opencv_tests:/home/openmutt/ros2_control_ws/install/rqt_joint_trajectory_controller:/home/openmutt/ros2_control_ws/install/rqt_controller_manager:/home/openmutt/ros2_control_ws/install/ros2controlcli:/home/openmutt/ros2_control_ws/install/ros2_controllers_test_nodes:/opt/ros/humble /usr/bin/cmake --install /home/openmutt/openarm_ws/build/arm_description
[1.060s] -- Install configuration: ""
[1.060s] -- Execute custom install script
[1.062s] -- Up-to-date symlink: /home/openmutt/openarm_ws/install/arm_description/share/arm_description/urdf/OpenArm.urdf
[1.062s] -- Up-to-date symlink: /home/openmutt/openarm_ws/install/arm_description/share/arm_description/meshes/End-adapter.stl
[1.063s] -- Up-to-date symlink: /home/openmutt/openarm_ws/install/arm_description/share/arm_description/meshes/Inner-segment-1.stl
[1.063s] -- Up-to-date symlink: /home/openmutt/openarm_ws/install/arm_description/share/arm_description/meshes/Lidar-mount.stl
[1.063s] -- Up-to-date symlink: /home/openmutt/openarm_ws/install/arm_description/share/arm_description/meshes/Link2.stl
[1.063s] -- Up-to-date symlink: /home/openmutt/openarm_ws/install/arm_description/share/arm_description/meshes/Link4.stl
[1.064s] -- Up-to-date symlink: /home/openmutt/openarm_ws/install/arm_description/share/arm_description/meshes/Motor-2.stl
[1.064s] -- Up-to-date symlink: /home/openmutt/openarm_ws/install/arm_description/share/arm_description/meshes/Motor1.stl
[1.065s] -- Up-to-date symlink: /home/openmutt/openarm_ws/install/arm_description/share/arm_description/meshes/Motor3.stl
[1.065s] -- Up-to-date symlink: /home/openmutt/openarm_ws/install/arm_description/share/arm_description/meshes/Outer-Segment-1.stl
[1.065s] -- Up-to-date symlink: /home/openmutt/openarm_ws/install/arm_description/share/arm_description/meshes/Segment-2.stl
[1.065s] -- Up-to-date symlink: /home/openmutt/openarm_ws/install/arm_description/share/arm_description/meshes/Shoulder-pulley.stl
[1.065s] -- Up-to-date symlink: /home/openmutt/openarm_ws/install/arm_description/share/arm_description/meshes/base_link.stl
[1.066s] -- Up-to-date symlink: /home/openmutt/openarm_ws/install/arm_description/share/arm_description/meshes/lidar-scanner.stl
[1.066s] -- Up-to-date symlink: /home/openmutt/openarm_ws/install/arm_description/share/arm_description/rviz/urdf.rviz
[1.066s] -- Up-to-date symlink: /home/openmutt/openarm_ws/install/arm_description/share/arm_description/launch/display.launch.py
[1.067s] -- Up-to-date symlink: /home/openmutt/openarm_ws/install/arm_description/share/arm_description/environment/gz_sim_resource_path.dsv
[1.067s] -- Up-to-date symlink: /home/openmutt/openarm_ws/install/arm_description/lib/arm_description/arm_node
[1.068s] -- Up-to-date symlink: /home/openmutt/openarm_ws/install/arm_description/share/ament_index/resource_index/package_run_dependencies/arm_description
[1.068s] -- Up-to-date symlink: /home/openmutt/openarm_ws/install/arm_description/share/ament_index/resource_index/parent_prefix_path/arm_description
[1.069s] -- Up-to-date symlink: /home/openmutt/openarm_ws/install/arm_description/share/arm_description/environment/ament_prefix_path.sh
[1.070s] -- Up-to-date symlink: /home/openmutt/openarm_ws/install/arm_description/share/arm_description/environment/ament_prefix_path.dsv
[1.070s] -- Up-to-date symlink: /home/openmutt/openarm_ws/install/arm_description/share/arm_description/environment/path.sh
[1.071s] -- Up-to-date symlink: /home/openmutt/openarm_ws/install/arm_description/share/arm_description/environment/path.dsv
[1.071s] -- Up-to-date symlink: /home/openmutt/openarm_ws/install/arm_description/share/arm_description/local_setup.bash
[1.071s] -- Up-to-date symlink: /home/openmutt/openarm_ws/install/arm_description/share/arm_description/local_setup.sh
[1.071s] -- Up-to-date symlink: /home/openmutt/openarm_ws/install/arm_description/share/arm_description/local_setup.zsh
[1.071s] -- Up-to-date symlink: /home/openmutt/openarm_ws/install/arm_description/share/arm_description/local_setup.dsv
[1.072s] -- Symlinking: /home/openmutt/openarm_ws/install/arm_description/share/arm_description/package.dsv
[1.106s] -- Up-to-date symlink: /home/openmutt/openarm_ws/install/arm_description/share/ament_index/resource_index/packages/arm_description
[1.106s] -- Up-to-date symlink: /home/openmutt/openarm_ws/install/arm_description/share/arm_description/cmake/arm_descriptionConfig.cmake
[1.106s] -- Up-to-date symlink: /home/openmutt/openarm_ws/install/arm_description/share/arm_description/cmake/arm_descriptionConfig-version.cmake
[1.106s] -- Up-to-date symlink: /home/openmutt/openarm_ws/install/arm_description/share/arm_description/package.xml
[1.113s] Invoked command in '/home/openmutt/openarm_ws/build/arm_description' returned '0': CMAKE_PREFIX_PATH=${CMAKE_PREFIX_PATH}:/home/openmutt/openmutt_ws/install/opencv_tests:/home/openmutt/ros2_control_ws/install/rqt_joint_trajectory_controller:/home/openmutt/ros2_control_ws/install/rqt_controller_manager:/home/openmutt/ros2_control_ws/install/ros2controlcli:/home/openmutt/ros2_control_ws/install/ros2_controllers_test_nodes:/opt/ros/humble /usr/bin/cmake --install /home/openmutt/openarm_ws/build/arm_description
