[100%] Built target arm_node
-- Install configuration: ""
-- Up-to-date: /home/openmutt/openarm_ws/install/arm_description/share/arm_description/urdf
-- Up-to-date: /home/openmutt/openarm_ws/install/arm_description/share/arm_description/urdf/openArm,M2.urdf
-- Up-to-date: /home/openmutt/openarm_ws/install/arm_description/share/arm_description/meshes
-- Up-to-date: /home/openmutt/openarm_ws/install/arm_description/share/arm_description/meshes/Shoulder-pulley.stl
-- Up-to-date: /home/openmutt/openarm_ws/install/arm_description/share/arm_description/meshes/lidar-scanner.stl
-- Up-to-date: /home/openmutt/openarm_ws/install/arm_description/share/arm_description/meshes/base_link.stl
-- Up-to-date: /home/openmutt/openarm_ws/install/arm_description/share/arm_description/meshes/Elbow-spacer.stl
-- Up-to-date: /home/openmutt/openarm_ws/install/arm_description/share/arm_description/meshes/Motor1.stl
-- Up-to-date: /home/openmutt/openarm_ws/install/arm_description/share/arm_description/meshes/Motor3.stl
-- Up-to-date: /home/openmutt/openarm_ws/install/arm_description/share/arm_description/meshes/Motor-2.stl
-- Up-to-date: /home/openmutt/openarm_ws/install/arm_description/share/arm_description/meshes/Inner-segment-1.stl
-- Up-to-date: /home/openmutt/openarm_ws/install/arm_description/share/arm_description/meshes/End-adapter.stl
-- Up-to-date: /home/openmutt/openarm_ws/install/arm_description/share/arm_description/meshes/Lidar-mount.stl
-- Up-to-date: /home/openmutt/openarm_ws/install/arm_description/share/arm_description/meshes/Elbow-pulley.stl
-- Up-to-date: /home/openmutt/openarm_ws/install/arm_description/share/arm_description/meshes/Rotating-base.stl
-- Up-to-date: /home/openmutt/openarm_ws/install/arm_description/share/arm_description/meshes/Shoulder-pulley-top.stl
-- Up-to-date: /home/openmutt/openarm_ws/install/arm_description/share/arm_description/meshes/Segment-2.stl
-- Up-to-date: /home/openmutt/openarm_ws/install/arm_description/share/arm_description/meshes/Outer-Segment-1.stl
-- Up-to-date: /home/openmutt/openarm_ws/install/arm_description/share/arm_description/rviz
-- Up-to-date: /home/openmutt/openarm_ws/install/arm_description/share/arm_description/rviz/urdf.rviz
-- Up-to-date: /home/openmutt/openarm_ws/install/arm_description/share/arm_description/launch
-- Up-to-date: /home/openmutt/openarm_ws/install/arm_description/share/arm_description/launch/display.launch.py
-- Up-to-date: /home/openmutt/openarm_ws/install/arm_description/share/arm_description/environment/gz_sim_resource_path.dsv
-- Up-to-date: /home/openmutt/openarm_ws/install/arm_description/lib/arm_description/arm_node
-- Up-to-date: /home/openmutt/openarm_ws/install/arm_description/share/ament_index/resource_index/package_run_dependencies/arm_description
-- Up-to-date: /home/openmutt/openarm_ws/install/arm_description/share/ament_index/resource_index/parent_prefix_path/arm_description
-- Up-to-date: /home/openmutt/openarm_ws/install/arm_description/share/arm_description/environment/ament_prefix_path.sh
-- Up-to-date: /home/openmutt/openarm_ws/install/arm_description/share/arm_description/environment/ament_prefix_path.dsv
-- Up-to-date: /home/openmutt/openarm_ws/install/arm_description/share/arm_description/environment/path.sh
-- Up-to-date: /home/openmutt/openarm_ws/install/arm_description/share/arm_description/environment/path.dsv
-- Up-to-date: /home/openmutt/openarm_ws/install/arm_description/share/arm_description/local_setup.bash
-- Up-to-date: /home/openmutt/openarm_ws/install/arm_description/share/arm_description/local_setup.sh
-- Up-to-date: /home/openmutt/openarm_ws/install/arm_description/share/arm_description/local_setup.zsh
-- Up-to-date: /home/openmutt/openarm_ws/install/arm_description/share/arm_description/local_setup.dsv
-- Installing: /home/openmutt/openarm_ws/install/arm_description/share/arm_description/package.dsv
-- Up-to-date: /home/openmutt/openarm_ws/install/arm_description/share/ament_index/resource_index/packages/arm_description
-- Up-to-date: /home/openmutt/openarm_ws/install/arm_description/share/arm_description/cmake/arm_descriptionConfig.cmake
-- Up-to-date: /home/openmutt/openarm_ws/install/arm_description/share/arm_description/cmake/arm_descriptionConfig-version.cmake
-- Up-to-date: /home/openmutt/openarm_ws/install/arm_description/share/arm_description/package.xml
