[0.045s] Invoking command in '/home/openmutt/openarm_ws/build/arm_description': CMAKE_PREFIX_PATH=${CMAKE_PREFIX_PATH}:/home/openmutt/openmutt_ws/install/opencv_tests:/home/openmutt/ros2_control_ws/install/rqt_joint_trajectory_controller:/home/openmutt/ros2_control_ws/install/rqt_controller_manager:/home/openmutt/ros2_control_ws/install/ros2controlcli:/home/openmutt/ros2_control_ws/install/ros2_controllers_test_nodes:/opt/ros/humble /usr/bin/cmake /home/openmutt/openarm_ws/src/arm_description -DAMENT_CMAKE_SYMLINK_INSTALL=1 -DCMAKE_INSTALL_PREFIX=/home/openmutt/openarm_ws/install/arm_description
[0.244s] -- Found ament_cmake: 1.3.11 (/opt/ros/humble/share/ament_cmake/cmake)
[0.649s] -- Override CMake install command with custom implementation using symlinks instead of copying resources
[0.702s] -- Found ament_lint_auto: 0.12.11 (/opt/ros/humble/share/ament_lint_auto/cmake)
[0.947s] -- Added test 'cppcheck' to perform static code analysis on C / C++ code
[0.947s] -- Configured cppcheck include dirs: $<BUILD_INTERFACE:/home/openmutt/openarm_ws/src/arm_description/include>
[0.947s] -- Configured cppcheck exclude dirs and/or files: 
[0.948s] -- Added test 'flake8' to check Python code syntax and style conventions
[0.949s] -- Added test 'lint_cmake' to check CMake code style
[0.951s] -- Added test 'pep257' to check Python code against some of the docstring style conventions in PEP 257
[0.954s] -- Added test 'uncrustify' to check C / C++ code style
[0.954s] -- Configured uncrustify additional arguments: 
[0.955s] -- Added test 'xmllint' to check XML markup files
[0.961s] -- Configuring done
[0.983s] -- Generating done
[0.989s] -- Build files have been written to: /home/openmutt/openarm_ws/build/arm_description
[1.002s] Invoked command in '/home/openmutt/openarm_ws/build/arm_description' returned '0': CMAKE_PREFIX_PATH=${CMAKE_PREFIX_PATH}:/home/openmutt/openmutt_ws/install/opencv_tests:/home/openmutt/ros2_control_ws/install/rqt_joint_trajectory_controller:/home/openmutt/ros2_control_ws/install/rqt_controller_manager:/home/openmutt/ros2_control_ws/install/ros2controlcli:/home/openmutt/ros2_control_ws/install/ros2_controllers_test_nodes:/opt/ros/humble /usr/bin/cmake /home/openmutt/openarm_ws/src/arm_description -DAMENT_CMAKE_SYMLINK_INSTALL=1 -DCMAKE_INSTALL_PREFIX=/home/openmutt/openarm_ws/install/arm_description
[1.008s] Invoking command in '/home/openmutt/openarm_ws/build/arm_description': CMAKE_PREFIX_PATH=${CMAKE_PREFIX_PATH}:/home/openmutt/openmutt_ws/install/opencv_tests:/home/openmutt/ros2_control_ws/install/rqt_joint_trajectory_controller:/home/openmutt/ros2_control_ws/install/rqt_controller_manager:/home/openmutt/ros2_control_ws/install/ros2controlcli:/home/openmutt/ros2_control_ws/install/ros2_controllers_test_nodes:/opt/ros/humble /usr/bin/cmake --build /home/openmutt/openarm_ws/build/arm_description -- -j6 -l6
[1.161s] [35m[1mConsolidate compiler generated dependencies of target arm_node[0m
[1.207s] [100%] Built target arm_node
[1.255s] Invoked command in '/home/openmutt/openarm_ws/build/arm_description' returned '0': CMAKE_PREFIX_PATH=${CMAKE_PREFIX_PATH}:/home/openmutt/openmutt_ws/install/opencv_tests:/home/openmutt/ros2_control_ws/install/rqt_joint_trajectory_controller:/home/openmutt/ros2_control_ws/install/rqt_controller_manager:/home/openmutt/ros2_control_ws/install/ros2controlcli:/home/openmutt/ros2_control_ws/install/ros2_controllers_test_nodes:/opt/ros/humble /usr/bin/cmake --build /home/openmutt/openarm_ws/build/arm_description -- -j6 -l6
[1.314s] Invoking command in '/home/openmutt/openarm_ws/build/arm_description': CMAKE_PREFIX_PATH=${CMAKE_PREFIX_PATH}:/home/openmutt/openmutt_ws/install/opencv_tests:/home/openmutt/ros2_control_ws/install/rqt_joint_trajectory_controller:/home/openmutt/ros2_control_ws/install/rqt_controller_manager:/home/openmutt/ros2_control_ws/install/ros2controlcli:/home/openmutt/ros2_control_ws/install/ros2_controllers_test_nodes:/opt/ros/humble /usr/bin/cmake --install /home/openmutt/openarm_ws/build/arm_description
[1.348s] -- Install configuration: ""
[1.349s] -- Execute custom install script
[1.350s] -- Symlinking: /home/openmutt/openarm_ws/install/arm_description/share/arm_description/urdf/OpenArm.urdf
[1.390s] -- Symlinking: /home/openmutt/openarm_ws/install/arm_description/share/arm_description/meshes/End-adapter.stl
[1.424s] -- Symlinking: /home/openmutt/openarm_ws/install/arm_description/share/arm_description/meshes/Inner-segment-1.stl
[1.462s] -- Symlinking: /home/openmutt/openarm_ws/install/arm_description/share/arm_description/meshes/Lidar-mount.stl
[1.498s] -- Symlinking: /home/openmutt/openarm_ws/install/arm_description/share/arm_description/meshes/Link2.stl
[1.536s] -- Symlinking: /home/openmutt/openarm_ws/install/arm_description/share/arm_description/meshes/Link4.stl
[1.575s] -- Symlinking: /home/openmutt/openarm_ws/install/arm_description/share/arm_description/meshes/Motor-2.stl
[1.611s] -- Symlinking: /home/openmutt/openarm_ws/install/arm_description/share/arm_description/meshes/Motor1.stl
[1.655s] -- Symlinking: /home/openmutt/openarm_ws/install/arm_description/share/arm_description/meshes/Motor3.stl
[1.699s] -- Symlinking: /home/openmutt/openarm_ws/install/arm_description/share/arm_description/meshes/Outer-Segment-1.stl
[1.738s] -- Symlinking: /home/openmutt/openarm_ws/install/arm_description/share/arm_description/meshes/Segment-2.stl
[1.777s] -- Symlinking: /home/openmutt/openarm_ws/install/arm_description/share/arm_description/meshes/Shoulder-pulley.stl
[1.817s] -- Symlinking: /home/openmutt/openarm_ws/install/arm_description/share/arm_description/meshes/base_link.stl
[1.854s] -- Symlinking: /home/openmutt/openarm_ws/install/arm_description/share/arm_description/meshes/lidar-scanner.stl
[1.887s] -- Symlinking: /home/openmutt/openarm_ws/install/arm_description/share/arm_description/rviz/urdf.rviz
[1.918s] -- Symlinking: /home/openmutt/openarm_ws/install/arm_description/share/arm_description/launch/display.launch.py
[1.946s] -- Symlinking: /home/openmutt/openarm_ws/install/arm_description/share/arm_description/environment/gz_sim_resource_path.dsv
[1.982s] -- Symlinking: /home/openmutt/openarm_ws/install/arm_description/lib/arm_description/arm_node
[2.018s] -- Symlinking: /home/openmutt/openarm_ws/install/arm_description/share/ament_index/resource_index/package_run_dependencies/arm_description
[2.059s] -- Symlinking: /home/openmutt/openarm_ws/install/arm_description/share/ament_index/resource_index/parent_prefix_path/arm_description
[2.094s] -- Symlinking: /home/openmutt/openarm_ws/install/arm_description/share/arm_description/environment/ament_prefix_path.sh
[2.126s] -- Symlinking: /home/openmutt/openarm_ws/install/arm_description/share/arm_description/environment/ament_prefix_path.dsv
[2.159s] -- Symlinking: /home/openmutt/openarm_ws/install/arm_description/share/arm_description/environment/path.sh
[2.191s] -- Symlinking: /home/openmutt/openarm_ws/install/arm_description/share/arm_description/environment/path.dsv
[2.223s] -- Symlinking: /home/openmutt/openarm_ws/install/arm_description/share/arm_description/local_setup.bash
[2.256s] -- Symlinking: /home/openmutt/openarm_ws/install/arm_description/share/arm_description/local_setup.sh
[2.291s] -- Symlinking: /home/openmutt/openarm_ws/install/arm_description/share/arm_description/local_setup.zsh
[2.332s] -- Symlinking: /home/openmutt/openarm_ws/install/arm_description/share/arm_description/local_setup.dsv
[2.366s] -- Symlinking: /home/openmutt/openarm_ws/install/arm_description/share/arm_description/package.dsv
[2.402s] -- Symlinking: /home/openmutt/openarm_ws/install/arm_description/share/ament_index/resource_index/packages/arm_description
[2.435s] -- Symlinking: /home/openmutt/openarm_ws/install/arm_description/share/arm_description/cmake/arm_descriptionConfig.cmake
[2.470s] -- Symlinking: /home/openmutt/openarm_ws/install/arm_description/share/arm_description/cmake/arm_descriptionConfig-version.cmake
[2.502s] -- Symlinking: /home/openmutt/openarm_ws/install/arm_description/share/arm_description/package.xml
[2.546s] Invoked command in '/home/openmutt/openarm_ws/build/arm_description' returned '0': CMAKE_PREFIX_PATH=${CMAKE_PREFIX_PATH}:/home/openmutt/openmutt_ws/install/opencv_tests:/home/openmutt/ros2_control_ws/install/rqt_joint_trajectory_controller:/home/openmutt/ros2_control_ws/install/rqt_controller_manager:/home/openmutt/ros2_control_ws/install/ros2controlcli:/home/openmutt/ros2_control_ws/install/ros2_controllers_test_nodes:/opt/ros/humble /usr/bin/cmake --install /home/openmutt/openarm_ws/build/arm_description
