-- Found ament_cmake: 1.3.11 (/opt/ros/humble/share/ament_cmake/cmake)
-- Found ament_lint_auto: 0.12.11 (/opt/ros/humble/share/ament_lint_auto/cmake)
-- Added test 'cppcheck' to perform static code analysis on C / C++ code
-- Configured cppcheck include dirs: $<BUILD_INTERFACE:/home/openmutt/openarm_ws/src/arm_description/include>
-- Configured cppcheck exclude dirs and/or files: 
-- Added test 'flake8' to check Python code syntax and style conventions
-- Added test 'lint_cmake' to check CMake code style
-- Added test 'pep257' to check Python code against some of the docstring style conventions in PEP 257
-- Added test 'uncrustify' to check C / C++ code style
-- Configured uncrustify additional arguments: 
-- Added test 'xmllint' to check XML markup files
-- Configuring done
-- Generating done
-- Build files have been written to: /home/openmutt/openarm_ws/build/arm_description
[35m[1mConsolidate compiler generated dependencies of target arm_node[0m
[100%] Built target arm_node
-- Install configuration: ""
-- Installing: /home/openmutt/openarm_ws/install/arm_description/share/arm_description/urdf
-- Installing: /home/openmutt/openarm_ws/install/arm_description/share/arm_description/urdf/OpenArm_V1.urdf
-- Installing: /home/openmutt/openarm_ws/install/arm_description/share/arm_description/meshes
-- Installing: /home/openmutt/openarm_ws/install/arm_description/share/arm_description/meshes/Shoulder-pulley.stl
-- Installing: /home/openmutt/openarm_ws/install/arm_description/share/arm_description/meshes/lidar-scanner.stl
-- Installing: /home/openmutt/openarm_ws/install/arm_description/share/arm_description/meshes/Elbow-spacer.stl
-- Installing: /home/openmutt/openarm_ws/install/arm_description/share/arm_description/meshes/Motor1.stl
-- Installing: /home/openmutt/openarm_ws/install/arm_description/share/arm_description/meshes/Motor3.stl
-- Installing: /home/openmutt/openarm_ws/install/arm_description/share/arm_description/meshes/Motor-2.stl
-- Installing: /home/openmutt/openarm_ws/install/arm_description/share/arm_description/meshes/Solid-Base.stl
-- Installing: /home/openmutt/openarm_ws/install/arm_description/share/arm_description/meshes/Inner-segment-1.stl
-- Installing: /home/openmutt/openarm_ws/install/arm_description/share/arm_description/meshes/End-adapter.stl
-- Installing: /home/openmutt/openarm_ws/install/arm_description/share/arm_description/meshes/Lidar-mount.stl
-- Installing: /home/openmutt/openarm_ws/install/arm_description/share/arm_description/meshes/Elbow-pulley.stl
-- Installing: /home/openmutt/openarm_ws/install/arm_description/share/arm_description/meshes/Rotating-base.stl
-- Installing: /home/openmutt/openarm_ws/install/arm_description/share/arm_description/meshes/Shoulder-pulley-top.stl
-- Installing: /home/openmutt/openarm_ws/install/arm_description/share/arm_description/meshes/Segment-2.stl
-- Installing: /home/openmutt/openarm_ws/install/arm_description/share/arm_description/meshes/Outer-Segment-1.stl
