[0.055s] Invoking command in '/home/openmutt/openarm_ws/build/arm_description': CMAKE_PREFIX_PATH=${CMAKE_PREFIX_PATH}:/home/openmutt/openmutt_ws/install/opencv_tests:/home/openmutt/ros2_control_ws/install/rqt_joint_trajectory_controller:/home/openmutt/ros2_control_ws/install/rqt_controller_manager:/home/openmutt/ros2_control_ws/install/ros2controlcli:/home/openmutt/ros2_control_ws/install/ros2_controllers_test_nodes:/opt/ros/humble /usr/bin/cmake --build /home/openmutt/openarm_ws/build/arm_description -- -j6 -l6
[0.201s] -- Found ament_cmake: 1.3.11 (/opt/ros/humble/share/ament_cmake/cmake)
[0.641s] -- Found ament_lint_auto: 0.12.11 (/opt/ros/humble/share/ament_lint_auto/cmake)
[0.876s] -- Added test 'cppcheck' to perform static code analysis on C / C++ code
[0.876s] -- Configured cppcheck include dirs: $<BUILD_INTERFACE:/home/openmutt/openarm_ws/src/arm_description/include>
[0.877s] -- Configured cppcheck exclude dirs and/or files: 
[0.878s] -- Added test 'flake8' to check Python code syntax and style conventions
[0.880s] -- Added test 'lint_cmake' to check CMake code style
[0.882s] -- Added test 'pep257' to check Python code against some of the docstring style conventions in PEP 257
[0.887s] -- Added test 'uncrustify' to check C / C++ code style
[0.887s] -- Configured uncrustify additional arguments: 
[0.889s] -- Added test 'xmllint' to check XML markup files
[0.894s] -- Configuring done
[0.924s] -- Generating done
[0.936s] -- Build files have been written to: /home/openmutt/openarm_ws/build/arm_description
[1.020s] [35m[1mConsolidate compiler generated dependencies of target arm_node[0m
[1.068s] [100%] Built target arm_node
[1.113s] Invoked command in '/home/openmutt/openarm_ws/build/arm_description' returned '0': CMAKE_PREFIX_PATH=${CMAKE_PREFIX_PATH}:/home/openmutt/openmutt_ws/install/opencv_tests:/home/openmutt/ros2_control_ws/install/rqt_joint_trajectory_controller:/home/openmutt/ros2_control_ws/install/rqt_controller_manager:/home/openmutt/ros2_control_ws/install/ros2controlcli:/home/openmutt/ros2_control_ws/install/ros2_controllers_test_nodes:/opt/ros/humble /usr/bin/cmake --build /home/openmutt/openarm_ws/build/arm_description -- -j6 -l6
[1.153s] Invoking command in '/home/openmutt/openarm_ws/build/arm_description': CMAKE_PREFIX_PATH=${CMAKE_PREFIX_PATH}:/home/openmutt/openmutt_ws/install/opencv_tests:/home/openmutt/ros2_control_ws/install/rqt_joint_trajectory_controller:/home/openmutt/ros2_control_ws/install/rqt_controller_manager:/home/openmutt/ros2_control_ws/install/ros2controlcli:/home/openmutt/ros2_control_ws/install/ros2_controllers_test_nodes:/opt/ros/humble /usr/bin/cmake --install /home/openmutt/openarm_ws/build/arm_description
[1.185s] -- Install configuration: ""
[1.188s] -- Installing: /home/openmutt/openarm_ws/install/arm_description/share/arm_description/urdf
[1.189s] -- Installing: /home/openmutt/openarm_ws/install/arm_description/share/arm_description/urdf/OpenArm_V1.urdf
[1.191s] -- Installing: /home/openmutt/openarm_ws/install/arm_description/share/arm_description/meshes
[1.192s] -- Installing: /home/openmutt/openarm_ws/install/arm_description/share/arm_description/meshes/Shoulder-pulley.stl
[1.201s] -- Installing: /home/openmutt/openarm_ws/install/arm_description/share/arm_description/meshes/lidar-scanner.stl
[1.242s] -- Installing: /home/openmutt/openarm_ws/install/arm_description/share/arm_description/meshes/Elbow-spacer.stl
[1.243s] -- Installing: /home/openmutt/openarm_ws/install/arm_description/share/arm_description/meshes/Motor1.stl
[1.315s] -- Installing: /home/openmutt/openarm_ws/install/arm_description/share/arm_description/meshes/Motor3.stl
[1.384s] -- Installing: /home/openmutt/openarm_ws/install/arm_description/share/arm_description/meshes/Motor-2.stl
[1.453s] -- Installing: /home/openmutt/openarm_ws/install/arm_description/share/arm_description/meshes/Solid-Base.stl
[1.457s] -- Installing: /home/openmutt/openarm_ws/install/arm_description/share/arm_description/meshes/Inner-segment-1.stl
[1.462s] -- Installing: /home/openmutt/openarm_ws/install/arm_description/share/arm_description/meshes/End-adapter.stl
[1.467s] -- Installing: /home/openmutt/openarm_ws/install/arm_description/share/arm_description/meshes/Lidar-mount.stl
[1.470s] -- Installing: /home/openmutt/openarm_ws/install/arm_description/share/arm_description/meshes/Elbow-pulley.stl
[1.483s] -- Installing: /home/openmutt/openarm_ws/install/arm_description/share/arm_description/meshes/Rotating-base.stl
[1.491s] -- Installing: /home/openmutt/openarm_ws/install/arm_description/share/arm_description/meshes/Shoulder-pulley-top.stl
[1.495s] -- Installing: /home/openmutt/openarm_ws/install/arm_description/share/arm_description/meshes/Segment-2.stl
[1.501s] -- Installing: /home/openmutt/openarm_ws/install/arm_description/share/arm_description/meshes/Outer-Segment-1.stl
[1.506s] [31mCMake Error at cmake_install.cmake:54 (file):
[1.507s]   file INSTALL cannot find
[1.507s]   "/home/openmutt/openarm_ws/src/arm_description/rviz": No such file or
[1.507s]   directory.
[1.508s] 
[1.508s] [0m
[1.516s] Invoked command in '/home/openmutt/openarm_ws/build/arm_description' returned '1': CMAKE_PREFIX_PATH=${CMAKE_PREFIX_PATH}:/home/openmutt/openmutt_ws/install/opencv_tests:/home/openmutt/ros2_control_ws/install/rqt_joint_trajectory_controller:/home/openmutt/ros2_control_ws/install/rqt_controller_manager:/home/openmutt/ros2_control_ws/install/ros2controlcli:/home/openmutt/ros2_control_ws/install/ros2_controllers_test_nodes:/opt/ros/humble /usr/bin/cmake --install /home/openmutt/openarm_ws/build/arm_description
