[0.032s] Invoking command in '/home/openmutt/openarm_ws/build/arm_description': CMAKE_PREFIX_PATH=/opt/ros/humble /usr/bin/cmake --build /home/openmutt/openarm_ws/build/arm_description -- -j6 -l6
[0.167s] [100%] Built target arm_node
[0.203s] Invoked command in '/home/openmutt/openarm_ws/build/arm_description' returned '0': CMAKE_PREFIX_PATH=/opt/ros/humble /usr/bin/cmake --build /home/openmutt/openarm_ws/build/arm_description -- -j6 -l6
[0.231s] Invoking command in '/home/openmutt/openarm_ws/build/arm_description': CMAKE_PREFIX_PATH=/opt/ros/humble /usr/bin/cmake --install /home/openmutt/openarm_ws/build/arm_description
[0.253s] -- Install configuration: ""
[0.253s] -- Execute custom install script
[0.254s] -- Up-to-date symlink: /home/openmutt/openarm_ws/install/arm_description/share/arm_description/urdf/OpenArm.urdf
[0.255s] -- Up-to-date symlink: /home/openmutt/openarm_ws/install/arm_description/share/arm_description/meshes/End-adapter.stl
[0.255s] -- Up-to-date symlink: /home/openmutt/openarm_ws/install/arm_description/share/arm_description/meshes/Inner-segment-1.stl
[0.255s] -- Up-to-date symlink: /home/openmutt/openarm_ws/install/arm_description/share/arm_description/meshes/Lidar-mount.stl
[0.256s] -- Up-to-date symlink: /home/openmutt/openarm_ws/install/arm_description/share/arm_description/meshes/Link2.stl
[0.256s] -- Up-to-date symlink: /home/openmutt/openarm_ws/install/arm_description/share/arm_description/meshes/Link4.stl
[0.256s] -- Up-to-date symlink: /home/openmutt/openarm_ws/install/arm_description/share/arm_description/meshes/Motor-2.stl
[0.256s] -- Up-to-date symlink: /home/openmutt/openarm_ws/install/arm_description/share/arm_description/meshes/Motor1.stl
[0.257s] -- Up-to-date symlink: /home/openmutt/openarm_ws/install/arm_description/share/arm_description/meshes/Motor3.stl
[0.257s] -- Up-to-date symlink: /home/openmutt/openarm_ws/install/arm_description/share/arm_description/meshes/Outer-Segment-1.stl
[0.257s] -- Up-to-date symlink: /home/openmutt/openarm_ws/install/arm_description/share/arm_description/meshes/Segment-2.stl
[0.257s] -- Up-to-date symlink: /home/openmutt/openarm_ws/install/arm_description/share/arm_description/meshes/Shoulder-pulley.stl
[0.257s] -- Up-to-date symlink: /home/openmutt/openarm_ws/install/arm_description/share/arm_description/meshes/base_link.stl
[0.258s] -- Up-to-date symlink: /home/openmutt/openarm_ws/install/arm_description/share/arm_description/meshes/lidar-scanner.stl
[0.258s] -- Up-to-date symlink: /home/openmutt/openarm_ws/install/arm_description/share/arm_description/rviz/urdf.rviz
[0.258s] -- Up-to-date symlink: /home/openmutt/openarm_ws/install/arm_description/share/arm_description/launch/display.launch.py
[0.259s] -- Up-to-date symlink: /home/openmutt/openarm_ws/install/arm_description/share/arm_description/environment/gz_sim_resource_path.dsv
[0.259s] -- Up-to-date symlink: /home/openmutt/openarm_ws/install/arm_description/lib/arm_description/arm_node
[0.260s] -- Up-to-date symlink: /home/openmutt/openarm_ws/install/arm_description/share/ament_index/resource_index/package_run_dependencies/arm_description
[0.260s] -- Up-to-date symlink: /home/openmutt/openarm_ws/install/arm_description/share/ament_index/resource_index/parent_prefix_path/arm_description
[0.261s] -- Up-to-date symlink: /home/openmutt/openarm_ws/install/arm_description/share/arm_description/environment/ament_prefix_path.sh
[0.261s] -- Up-to-date symlink: /home/openmutt/openarm_ws/install/arm_description/share/arm_description/environment/ament_prefix_path.dsv
[0.261s] -- Up-to-date symlink: /home/openmutt/openarm_ws/install/arm_description/share/arm_description/environment/path.sh
[0.262s] -- Up-to-date symlink: /home/openmutt/openarm_ws/install/arm_description/share/arm_description/environment/path.dsv
[0.262s] -- Up-to-date symlink: /home/openmutt/openarm_ws/install/arm_description/share/arm_description/local_setup.bash
[0.262s] -- Up-to-date symlink: /home/openmutt/openarm_ws/install/arm_description/share/arm_description/local_setup.sh
[0.263s] -- Up-to-date symlink: /home/openmutt/openarm_ws/install/arm_description/share/arm_description/local_setup.zsh
[0.263s] -- Up-to-date symlink: /home/openmutt/openarm_ws/install/arm_description/share/arm_description/local_setup.dsv
[0.263s] -- Symlinking: /home/openmutt/openarm_ws/install/arm_description/share/arm_description/package.dsv
[0.289s] -- Up-to-date symlink: /home/openmutt/openarm_ws/install/arm_description/share/ament_index/resource_index/packages/arm_description
[0.289s] -- Up-to-date symlink: /home/openmutt/openarm_ws/install/arm_description/share/arm_description/cmake/arm_descriptionConfig.cmake
[0.289s] -- Up-to-date symlink: /home/openmutt/openarm_ws/install/arm_description/share/arm_description/cmake/arm_descriptionConfig-version.cmake
[0.290s] -- Up-to-date symlink: /home/openmutt/openarm_ws/install/arm_description/share/arm_description/package.xml
[0.297s] Invoked command in '/home/openmutt/openarm_ws/build/arm_description' returned '0': CMAKE_PREFIX_PATH=/opt/ros/humble /usr/bin/cmake --install /home/openmutt/openarm_ws/build/arm_description
